Tue Jan  3 23:27:27 CST 2023
Spin         ==> 2
chi        ==> 10
bonDim        ==> 40
L1        ==> 512
L2        ==> 512
space_L        ==> 0
J1        ==> 1.3
J2        ==> 1.5
space_J        ==> 0.05
D1        ==> 0.16
D2        ==> 0.17
space_D        ==> 0.01
seed1        ==> 1
seed2        ==> 2000
deltaSeed        ==> 25
BC        ==> PBC
Ncore        ==> 2
Spin=2
chi=10
bonDim=40
L1=512
L2=512
space_L=0
J1=1.300
J2=1.500
space_J=.050
D1=.160
D2=.170
space_D=.010
s1=1
s2=2000
sInterval=25
BC=PBC
Ncore=2
2023_01_03/
/home/aronton/tSDRG_project/tSDRG/Main_2/rm_submit/
mkdir/home/aronton/tSDRG_project/tSDRG/Main_2/rm_submit/2023_01_03/
ooooooooooL_L=512_oooooooooo
xxxxxxxxxxxxxxx_Jdis130_xxxxxxxxxxxxxxx
---------------Dim016---------------
numOfinterval=80
spin2_L512_Jdis130_Dim016_B40_BC=PBC_Ncore=2_seed1=1_seed2=25.sh
spin2_L512_Jdis130_Dim016_B40_BC=PBC_Ncore=2_seed1=26_seed2=50.sh
spin2_L512_Jdis130_Dim016_B40_BC=PBC_Ncore=2_seed1=51_seed2=75.sh
spin2_L512_Jdis130_Dim016_B40_BC=PBC_Ncore=2_seed1=76_seed2=100.sh
spin2_L512_Jdis130_Dim016_B40_BC=PBC_Ncore=2_seed1=101_seed2=125.sh
spin2_L512_Jdis130_Dim016_B40_BC=PBC_Ncore=2_seed1=126_seed2=150.sh
spin2_L512_Jdis130_Dim016_B40_BC=PBC_Ncore=2_seed1=151_seed2=175.sh
spin2_L512_Jdis130_Dim016_B40_BC=PBC_Ncore=2_seed1=176_seed2=200.sh
spin2_L512_Jdis130_Dim016_B40_BC=PBC_Ncore=2_seed1=201_seed2=225.sh
spin2_L512_Jdis130_Dim016_B40_BC=PBC_Ncore=2_seed1=226_seed2=250.sh
spin2_L512_Jdis130_Dim016_B40_BC=PBC_Ncore=2_seed1=251_seed2=275.sh
spin2_L512_Jdis130_Dim016_B40_BC=PBC_Ncore=2_seed1=276_seed2=300.sh
spin2_L512_Jdis130_Dim016_B40_BC=PBC_Ncore=2_seed1=301_seed2=325.sh
spin2_L512_Jdis130_Dim016_B40_BC=PBC_Ncore=2_seed1=326_seed2=350.sh
spin2_L512_Jdis130_Dim016_B40_BC=PBC_Ncore=2_seed1=351_seed2=375.sh
spin2_L512_Jdis130_Dim016_B40_BC=PBC_Ncore=2_seed1=376_seed2=400.sh
spin2_L512_Jdis130_Dim016_B40_BC=PBC_Ncore=2_seed1=401_seed2=425.sh
spin2_L512_Jdis130_Dim016_B40_BC=PBC_Ncore=2_seed1=426_seed2=450.sh
spin2_L512_Jdis130_Dim016_B40_BC=PBC_Ncore=2_seed1=451_seed2=475.sh
spin2_L512_Jdis130_Dim016_B40_BC=PBC_Ncore=2_seed1=476_seed2=500.sh
spin2_L512_Jdis130_Dim016_B40_BC=PBC_Ncore=2_seed1=501_seed2=525.sh
spin2_L512_Jdis130_Dim016_B40_BC=PBC_Ncore=2_seed1=526_seed2=550.sh
spin2_L512_Jdis130_Dim016_B40_BC=PBC_Ncore=2_seed1=551_seed2=575.sh
spin2_L512_Jdis130_Dim016_B40_BC=PBC_Ncore=2_seed1=576_seed2=600.sh
spin2_L512_Jdis130_Dim016_B40_BC=PBC_Ncore=2_seed1=601_seed2=625.sh
spin2_L512_Jdis130_Dim016_B40_BC=PBC_Ncore=2_seed1=626_seed2=650.sh
spin2_L512_Jdis130_Dim016_B40_BC=PBC_Ncore=2_seed1=651_seed2=675.sh
spin2_L512_Jdis130_Dim016_B40_BC=PBC_Ncore=2_seed1=676_seed2=700.sh
spin2_L512_Jdis130_Dim016_B40_BC=PBC_Ncore=2_seed1=701_seed2=725.sh
spin2_L512_Jdis130_Dim016_B40_BC=PBC_Ncore=2_seed1=726_seed2=750.sh
spin2_L512_Jdis130_Dim016_B40_BC=PBC_Ncore=2_seed1=751_seed2=775.sh
spin2_L512_Jdis130_Dim016_B40_BC=PBC_Ncore=2_seed1=776_seed2=800.sh
spin2_L512_Jdis130_Dim016_B40_BC=PBC_Ncore=2_seed1=801_seed2=825.sh
spin2_L512_Jdis130_Dim016_B40_BC=PBC_Ncore=2_seed1=826_seed2=850.sh
spin2_L512_Jdis130_Dim016_B40_BC=PBC_Ncore=2_seed1=851_seed2=875.sh
spin2_L512_Jdis130_Dim016_B40_BC=PBC_Ncore=2_seed1=876_seed2=900.sh
spin2_L512_Jdis130_Dim016_B40_BC=PBC_Ncore=2_seed1=901_seed2=925.sh
spin2_L512_Jdis130_Dim016_B40_BC=PBC_Ncore=2_seed1=926_seed2=950.sh
spin2_L512_Jdis130_Dim016_B40_BC=PBC_Ncore=2_seed1=951_seed2=975.sh
spin2_L512_Jdis130_Dim016_B40_BC=PBC_Ncore=2_seed1=976_seed2=1000.sh
spin2_L512_Jdis130_Dim016_B40_BC=PBC_Ncore=2_seed1=1001_seed2=1025.sh
spin2_L512_Jdis130_Dim016_B40_BC=PBC_Ncore=2_seed1=1026_seed2=1050.sh
spin2_L512_Jdis130_Dim016_B40_BC=PBC_Ncore=2_seed1=1051_seed2=1075.sh
spin2_L512_Jdis130_Dim016_B40_BC=PBC_Ncore=2_seed1=1076_seed2=1100.sh
spin2_L512_Jdis130_Dim016_B40_BC=PBC_Ncore=2_seed1=1101_seed2=1125.sh
spin2_L512_Jdis130_Dim016_B40_BC=PBC_Ncore=2_seed1=1126_seed2=1150.sh
spin2_L512_Jdis130_Dim016_B40_BC=PBC_Ncore=2_seed1=1151_seed2=1175.sh
spin2_L512_Jdis130_Dim016_B40_BC=PBC_Ncore=2_seed1=1176_seed2=1200.sh
spin2_L512_Jdis130_Dim016_B40_BC=PBC_Ncore=2_seed1=1201_seed2=1225.sh
spin2_L512_Jdis130_Dim016_B40_BC=PBC_Ncore=2_seed1=1226_seed2=1250.sh
spin2_L512_Jdis130_Dim016_B40_BC=PBC_Ncore=2_seed1=1251_seed2=1275.sh
spin2_L512_Jdis130_Dim016_B40_BC=PBC_Ncore=2_seed1=1276_seed2=1300.sh
spin2_L512_Jdis130_Dim016_B40_BC=PBC_Ncore=2_seed1=1301_seed2=1325.sh
spin2_L512_Jdis130_Dim016_B40_BC=PBC_Ncore=2_seed1=1326_seed2=1350.sh
spin2_L512_Jdis130_Dim016_B40_BC=PBC_Ncore=2_seed1=1351_seed2=1375.sh
spin2_L512_Jdis130_Dim016_B40_BC=PBC_Ncore=2_seed1=1376_seed2=1400.sh
spin2_L512_Jdis130_Dim016_B40_BC=PBC_Ncore=2_seed1=1401_seed2=1425.sh
spin2_L512_Jdis130_Dim016_B40_BC=PBC_Ncore=2_seed1=1426_seed2=1450.sh
spin2_L512_Jdis130_Dim016_B40_BC=PBC_Ncore=2_seed1=1451_seed2=1475.sh
spin2_L512_Jdis130_Dim016_B40_BC=PBC_Ncore=2_seed1=1476_seed2=1500.sh
spin2_L512_Jdis130_Dim016_B40_BC=PBC_Ncore=2_seed1=1501_seed2=1525.sh
spin2_L512_Jdis130_Dim016_B40_BC=PBC_Ncore=2_seed1=1526_seed2=1550.sh
spin2_L512_Jdis130_Dim016_B40_BC=PBC_Ncore=2_seed1=1551_seed2=1575.sh
spin2_L512_Jdis130_Dim016_B40_BC=PBC_Ncore=2_seed1=1576_seed2=1600.sh
spin2_L512_Jdis130_Dim016_B40_BC=PBC_Ncore=2_seed1=1601_seed2=1625.sh
spin2_L512_Jdis130_Dim016_B40_BC=PBC_Ncore=2_seed1=1626_seed2=1650.sh
spin2_L512_Jdis130_Dim016_B40_BC=PBC_Ncore=2_seed1=1651_seed2=1675.sh
spin2_L512_Jdis130_Dim016_B40_BC=PBC_Ncore=2_seed1=1676_seed2=1700.sh
spin2_L512_Jdis130_Dim016_B40_BC=PBC_Ncore=2_seed1=1701_seed2=1725.sh
spin2_L512_Jdis130_Dim016_B40_BC=PBC_Ncore=2_seed1=1726_seed2=1750.sh
spin2_L512_Jdis130_Dim016_B40_BC=PBC_Ncore=2_seed1=1751_seed2=1775.sh
spin2_L512_Jdis130_Dim016_B40_BC=PBC_Ncore=2_seed1=1776_seed2=1800.sh
spin2_L512_Jdis130_Dim016_B40_BC=PBC_Ncore=2_seed1=1801_seed2=1825.sh
spin2_L512_Jdis130_Dim016_B40_BC=PBC_Ncore=2_seed1=1826_seed2=1850.sh
spin2_L512_Jdis130_Dim016_B40_BC=PBC_Ncore=2_seed1=1851_seed2=1875.sh
spin2_L512_Jdis130_Dim016_B40_BC=PBC_Ncore=2_seed1=1876_seed2=1900.sh
spin2_L512_Jdis130_Dim016_B40_BC=PBC_Ncore=2_seed1=1901_seed2=1925.sh
spin2_L512_Jdis130_Dim016_B40_BC=PBC_Ncore=2_seed1=1926_seed2=1950.sh
spin2_L512_Jdis130_Dim016_B40_BC=PBC_Ncore=2_seed1=1951_seed2=1975.sh
spin2_L512_Jdis130_Dim016_B40_BC=PBC_Ncore=2_seed1=1976_seed2=2000.sh
---------------Dim017---------------
numOfinterval=80
spin2_L512_Jdis130_Dim017_B40_BC=PBC_Ncore=2_seed1=1_seed2=25.sh
spin2_L512_Jdis130_Dim017_B40_BC=PBC_Ncore=2_seed1=26_seed2=50.sh
spin2_L512_Jdis130_Dim017_B40_BC=PBC_Ncore=2_seed1=51_seed2=75.sh
spin2_L512_Jdis130_Dim017_B40_BC=PBC_Ncore=2_seed1=76_seed2=100.sh
spin2_L512_Jdis130_Dim017_B40_BC=PBC_Ncore=2_seed1=101_seed2=125.sh
spin2_L512_Jdis130_Dim017_B40_BC=PBC_Ncore=2_seed1=126_seed2=150.sh
spin2_L512_Jdis130_Dim017_B40_BC=PBC_Ncore=2_seed1=151_seed2=175.sh
spin2_L512_Jdis130_Dim017_B40_BC=PBC_Ncore=2_seed1=176_seed2=200.sh
spin2_L512_Jdis130_Dim017_B40_BC=PBC_Ncore=2_seed1=201_seed2=225.sh
spin2_L512_Jdis130_Dim017_B40_BC=PBC_Ncore=2_seed1=226_seed2=250.sh
spin2_L512_Jdis130_Dim017_B40_BC=PBC_Ncore=2_seed1=251_seed2=275.sh
spin2_L512_Jdis130_Dim017_B40_BC=PBC_Ncore=2_seed1=276_seed2=300.sh
spin2_L512_Jdis130_Dim017_B40_BC=PBC_Ncore=2_seed1=301_seed2=325.sh
spin2_L512_Jdis130_Dim017_B40_BC=PBC_Ncore=2_seed1=326_seed2=350.sh
spin2_L512_Jdis130_Dim017_B40_BC=PBC_Ncore=2_seed1=351_seed2=375.sh
spin2_L512_Jdis130_Dim017_B40_BC=PBC_Ncore=2_seed1=376_seed2=400.sh
spin2_L512_Jdis130_Dim017_B40_BC=PBC_Ncore=2_seed1=401_seed2=425.sh
spin2_L512_Jdis130_Dim017_B40_BC=PBC_Ncore=2_seed1=426_seed2=450.sh
spin2_L512_Jdis130_Dim017_B40_BC=PBC_Ncore=2_seed1=451_seed2=475.sh
spin2_L512_Jdis130_Dim017_B40_BC=PBC_Ncore=2_seed1=476_seed2=500.sh
spin2_L512_Jdis130_Dim017_B40_BC=PBC_Ncore=2_seed1=501_seed2=525.sh
spin2_L512_Jdis130_Dim017_B40_BC=PBC_Ncore=2_seed1=526_seed2=550.sh
spin2_L512_Jdis130_Dim017_B40_BC=PBC_Ncore=2_seed1=551_seed2=575.sh
spin2_L512_Jdis130_Dim017_B40_BC=PBC_Ncore=2_seed1=576_seed2=600.sh
spin2_L512_Jdis130_Dim017_B40_BC=PBC_Ncore=2_seed1=601_seed2=625.sh
spin2_L512_Jdis130_Dim017_B40_BC=PBC_Ncore=2_seed1=626_seed2=650.sh
spin2_L512_Jdis130_Dim017_B40_BC=PBC_Ncore=2_seed1=651_seed2=675.sh
spin2_L512_Jdis130_Dim017_B40_BC=PBC_Ncore=2_seed1=676_seed2=700.sh
spin2_L512_Jdis130_Dim017_B40_BC=PBC_Ncore=2_seed1=701_seed2=725.sh
spin2_L512_Jdis130_Dim017_B40_BC=PBC_Ncore=2_seed1=726_seed2=750.sh
spin2_L512_Jdis130_Dim017_B40_BC=PBC_Ncore=2_seed1=751_seed2=775.sh
spin2_L512_Jdis130_Dim017_B40_BC=PBC_Ncore=2_seed1=776_seed2=800.sh
spin2_L512_Jdis130_Dim017_B40_BC=PBC_Ncore=2_seed1=801_seed2=825.sh
spin2_L512_Jdis130_Dim017_B40_BC=PBC_Ncore=2_seed1=826_seed2=850.sh
spin2_L512_Jdis130_Dim017_B40_BC=PBC_Ncore=2_seed1=851_seed2=875.sh
spin2_L512_Jdis130_Dim017_B40_BC=PBC_Ncore=2_seed1=876_seed2=900.sh
spin2_L512_Jdis130_Dim017_B40_BC=PBC_Ncore=2_seed1=901_seed2=925.sh
spin2_L512_Jdis130_Dim017_B40_BC=PBC_Ncore=2_seed1=926_seed2=950.sh
spin2_L512_Jdis130_Dim017_B40_BC=PBC_Ncore=2_seed1=951_seed2=975.sh
spin2_L512_Jdis130_Dim017_B40_BC=PBC_Ncore=2_seed1=976_seed2=1000.sh
spin2_L512_Jdis130_Dim017_B40_BC=PBC_Ncore=2_seed1=1001_seed2=1025.sh
spin2_L512_Jdis130_Dim017_B40_BC=PBC_Ncore=2_seed1=1026_seed2=1050.sh
spin2_L512_Jdis130_Dim017_B40_BC=PBC_Ncore=2_seed1=1051_seed2=1075.sh
spin2_L512_Jdis130_Dim017_B40_BC=PBC_Ncore=2_seed1=1076_seed2=1100.sh
spin2_L512_Jdis130_Dim017_B40_BC=PBC_Ncore=2_seed1=1101_seed2=1125.sh
spin2_L512_Jdis130_Dim017_B40_BC=PBC_Ncore=2_seed1=1126_seed2=1150.sh
spin2_L512_Jdis130_Dim017_B40_BC=PBC_Ncore=2_seed1=1151_seed2=1175.sh
spin2_L512_Jdis130_Dim017_B40_BC=PBC_Ncore=2_seed1=1176_seed2=1200.sh
spin2_L512_Jdis130_Dim017_B40_BC=PBC_Ncore=2_seed1=1201_seed2=1225.sh
spin2_L512_Jdis130_Dim017_B40_BC=PBC_Ncore=2_seed1=1226_seed2=1250.sh
spin2_L512_Jdis130_Dim017_B40_BC=PBC_Ncore=2_seed1=1251_seed2=1275.sh
spin2_L512_Jdis130_Dim017_B40_BC=PBC_Ncore=2_seed1=1276_seed2=1300.sh
spin2_L512_Jdis130_Dim017_B40_BC=PBC_Ncore=2_seed1=1301_seed2=1325.sh
spin2_L512_Jdis130_Dim017_B40_BC=PBC_Ncore=2_seed1=1326_seed2=1350.sh
spin2_L512_Jdis130_Dim017_B40_BC=PBC_Ncore=2_seed1=1351_seed2=1375.sh
spin2_L512_Jdis130_Dim017_B40_BC=PBC_Ncore=2_seed1=1376_seed2=1400.sh
spin2_L512_Jdis130_Dim017_B40_BC=PBC_Ncore=2_seed1=1401_seed2=1425.sh
spin2_L512_Jdis130_Dim017_B40_BC=PBC_Ncore=2_seed1=1426_seed2=1450.sh
spin2_L512_Jdis130_Dim017_B40_BC=PBC_Ncore=2_seed1=1451_seed2=1475.sh
spin2_L512_Jdis130_Dim017_B40_BC=PBC_Ncore=2_seed1=1476_seed2=1500.sh
spin2_L512_Jdis130_Dim017_B40_BC=PBC_Ncore=2_seed1=1501_seed2=1525.sh
spin2_L512_Jdis130_Dim017_B40_BC=PBC_Ncore=2_seed1=1526_seed2=1550.sh
spin2_L512_Jdis130_Dim017_B40_BC=PBC_Ncore=2_seed1=1551_seed2=1575.sh
spin2_L512_Jdis130_Dim017_B40_BC=PBC_Ncore=2_seed1=1576_seed2=1600.sh
spin2_L512_Jdis130_Dim017_B40_BC=PBC_Ncore=2_seed1=1601_seed2=1625.sh
spin2_L512_Jdis130_Dim017_B40_BC=PBC_Ncore=2_seed1=1626_seed2=1650.sh
spin2_L512_Jdis130_Dim017_B40_BC=PBC_Ncore=2_seed1=1651_seed2=1675.sh
spin2_L512_Jdis130_Dim017_B40_BC=PBC_Ncore=2_seed1=1676_seed2=1700.sh
spin2_L512_Jdis130_Dim017_B40_BC=PBC_Ncore=2_seed1=1701_seed2=1725.sh
spin2_L512_Jdis130_Dim017_B40_BC=PBC_Ncore=2_seed1=1726_seed2=1750.sh
spin2_L512_Jdis130_Dim017_B40_BC=PBC_Ncore=2_seed1=1751_seed2=1775.sh
spin2_L512_Jdis130_Dim017_B40_BC=PBC_Ncore=2_seed1=1776_seed2=1800.sh
spin2_L512_Jdis130_Dim017_B40_BC=PBC_Ncore=2_seed1=1801_seed2=1825.sh
spin2_L512_Jdis130_Dim017_B40_BC=PBC_Ncore=2_seed1=1826_seed2=1850.sh
spin2_L512_Jdis130_Dim017_B40_BC=PBC_Ncore=2_seed1=1851_seed2=1875.sh
spin2_L512_Jdis130_Dim017_B40_BC=PBC_Ncore=2_seed1=1876_seed2=1900.sh
spin2_L512_Jdis130_Dim017_B40_BC=PBC_Ncore=2_seed1=1901_seed2=1925.sh
spin2_L512_Jdis130_Dim017_B40_BC=PBC_Ncore=2_seed1=1926_seed2=1950.sh
spin2_L512_Jdis130_Dim017_B40_BC=PBC_Ncore=2_seed1=1951_seed2=1975.sh
spin2_L512_Jdis130_Dim017_B40_BC=PBC_Ncore=2_seed1=1976_seed2=2000.sh
xxxxxxxxxxxxxxx_Jdis135_xxxxxxxxxxxxxxx
---------------Dim016---------------
numOfinterval=80
spin2_L512_Jdis135_Dim016_B40_BC=PBC_Ncore=2_seed1=1_seed2=25.sh
spin2_L512_Jdis135_Dim016_B40_BC=PBC_Ncore=2_seed1=26_seed2=50.sh
spin2_L512_Jdis135_Dim016_B40_BC=PBC_Ncore=2_seed1=51_seed2=75.sh
spin2_L512_Jdis135_Dim016_B40_BC=PBC_Ncore=2_seed1=76_seed2=100.sh
spin2_L512_Jdis135_Dim016_B40_BC=PBC_Ncore=2_seed1=101_seed2=125.sh
spin2_L512_Jdis135_Dim016_B40_BC=PBC_Ncore=2_seed1=126_seed2=150.sh
spin2_L512_Jdis135_Dim016_B40_BC=PBC_Ncore=2_seed1=151_seed2=175.sh
spin2_L512_Jdis135_Dim016_B40_BC=PBC_Ncore=2_seed1=176_seed2=200.sh
spin2_L512_Jdis135_Dim016_B40_BC=PBC_Ncore=2_seed1=201_seed2=225.sh
spin2_L512_Jdis135_Dim016_B40_BC=PBC_Ncore=2_seed1=226_seed2=250.sh
spin2_L512_Jdis135_Dim016_B40_BC=PBC_Ncore=2_seed1=251_seed2=275.sh
spin2_L512_Jdis135_Dim016_B40_BC=PBC_Ncore=2_seed1=276_seed2=300.sh
spin2_L512_Jdis135_Dim016_B40_BC=PBC_Ncore=2_seed1=301_seed2=325.sh
spin2_L512_Jdis135_Dim016_B40_BC=PBC_Ncore=2_seed1=326_seed2=350.sh
spin2_L512_Jdis135_Dim016_B40_BC=PBC_Ncore=2_seed1=351_seed2=375.sh
spin2_L512_Jdis135_Dim016_B40_BC=PBC_Ncore=2_seed1=376_seed2=400.sh
spin2_L512_Jdis135_Dim016_B40_BC=PBC_Ncore=2_seed1=401_seed2=425.sh
spin2_L512_Jdis135_Dim016_B40_BC=PBC_Ncore=2_seed1=426_seed2=450.sh
spin2_L512_Jdis135_Dim016_B40_BC=PBC_Ncore=2_seed1=451_seed2=475.sh
spin2_L512_Jdis135_Dim016_B40_BC=PBC_Ncore=2_seed1=476_seed2=500.sh
spin2_L512_Jdis135_Dim016_B40_BC=PBC_Ncore=2_seed1=501_seed2=525.sh
spin2_L512_Jdis135_Dim016_B40_BC=PBC_Ncore=2_seed1=526_seed2=550.sh
spin2_L512_Jdis135_Dim016_B40_BC=PBC_Ncore=2_seed1=551_seed2=575.sh
spin2_L512_Jdis135_Dim016_B40_BC=PBC_Ncore=2_seed1=576_seed2=600.sh
spin2_L512_Jdis135_Dim016_B40_BC=PBC_Ncore=2_seed1=601_seed2=625.sh
spin2_L512_Jdis135_Dim016_B40_BC=PBC_Ncore=2_seed1=626_seed2=650.sh
spin2_L512_Jdis135_Dim016_B40_BC=PBC_Ncore=2_seed1=651_seed2=675.sh
spin2_L512_Jdis135_Dim016_B40_BC=PBC_Ncore=2_seed1=676_seed2=700.sh
spin2_L512_Jdis135_Dim016_B40_BC=PBC_Ncore=2_seed1=701_seed2=725.sh
spin2_L512_Jdis135_Dim016_B40_BC=PBC_Ncore=2_seed1=726_seed2=750.sh
spin2_L512_Jdis135_Dim016_B40_BC=PBC_Ncore=2_seed1=751_seed2=775.sh
spin2_L512_Jdis135_Dim016_B40_BC=PBC_Ncore=2_seed1=776_seed2=800.sh
spin2_L512_Jdis135_Dim016_B40_BC=PBC_Ncore=2_seed1=801_seed2=825.sh
spin2_L512_Jdis135_Dim016_B40_BC=PBC_Ncore=2_seed1=826_seed2=850.sh
spin2_L512_Jdis135_Dim016_B40_BC=PBC_Ncore=2_seed1=851_seed2=875.sh
spin2_L512_Jdis135_Dim016_B40_BC=PBC_Ncore=2_seed1=876_seed2=900.sh
spin2_L512_Jdis135_Dim016_B40_BC=PBC_Ncore=2_seed1=901_seed2=925.sh
spin2_L512_Jdis135_Dim016_B40_BC=PBC_Ncore=2_seed1=926_seed2=950.sh
spin2_L512_Jdis135_Dim016_B40_BC=PBC_Ncore=2_seed1=951_seed2=975.sh
spin2_L512_Jdis135_Dim016_B40_BC=PBC_Ncore=2_seed1=976_seed2=1000.sh
spin2_L512_Jdis135_Dim016_B40_BC=PBC_Ncore=2_seed1=1001_seed2=1025.sh
spin2_L512_Jdis135_Dim016_B40_BC=PBC_Ncore=2_seed1=1026_seed2=1050.sh
spin2_L512_Jdis135_Dim016_B40_BC=PBC_Ncore=2_seed1=1051_seed2=1075.sh
spin2_L512_Jdis135_Dim016_B40_BC=PBC_Ncore=2_seed1=1076_seed2=1100.sh
spin2_L512_Jdis135_Dim016_B40_BC=PBC_Ncore=2_seed1=1101_seed2=1125.sh
spin2_L512_Jdis135_Dim016_B40_BC=PBC_Ncore=2_seed1=1126_seed2=1150.sh
spin2_L512_Jdis135_Dim016_B40_BC=PBC_Ncore=2_seed1=1151_seed2=1175.sh
spin2_L512_Jdis135_Dim016_B40_BC=PBC_Ncore=2_seed1=1176_seed2=1200.sh
spin2_L512_Jdis135_Dim016_B40_BC=PBC_Ncore=2_seed1=1201_seed2=1225.sh
spin2_L512_Jdis135_Dim016_B40_BC=PBC_Ncore=2_seed1=1226_seed2=1250.sh
spin2_L512_Jdis135_Dim016_B40_BC=PBC_Ncore=2_seed1=1251_seed2=1275.sh
spin2_L512_Jdis135_Dim016_B40_BC=PBC_Ncore=2_seed1=1276_seed2=1300.sh
spin2_L512_Jdis135_Dim016_B40_BC=PBC_Ncore=2_seed1=1301_seed2=1325.sh
spin2_L512_Jdis135_Dim016_B40_BC=PBC_Ncore=2_seed1=1326_seed2=1350.sh
spin2_L512_Jdis135_Dim016_B40_BC=PBC_Ncore=2_seed1=1351_seed2=1375.sh
spin2_L512_Jdis135_Dim016_B40_BC=PBC_Ncore=2_seed1=1376_seed2=1400.sh
spin2_L512_Jdis135_Dim016_B40_BC=PBC_Ncore=2_seed1=1401_seed2=1425.sh
spin2_L512_Jdis135_Dim016_B40_BC=PBC_Ncore=2_seed1=1426_seed2=1450.sh
spin2_L512_Jdis135_Dim016_B40_BC=PBC_Ncore=2_seed1=1451_seed2=1475.sh
spin2_L512_Jdis135_Dim016_B40_BC=PBC_Ncore=2_seed1=1476_seed2=1500.sh
spin2_L512_Jdis135_Dim016_B40_BC=PBC_Ncore=2_seed1=1501_seed2=1525.sh
spin2_L512_Jdis135_Dim016_B40_BC=PBC_Ncore=2_seed1=1526_seed2=1550.sh
spin2_L512_Jdis135_Dim016_B40_BC=PBC_Ncore=2_seed1=1551_seed2=1575.sh
spin2_L512_Jdis135_Dim016_B40_BC=PBC_Ncore=2_seed1=1576_seed2=1600.sh
spin2_L512_Jdis135_Dim016_B40_BC=PBC_Ncore=2_seed1=1601_seed2=1625.sh
spin2_L512_Jdis135_Dim016_B40_BC=PBC_Ncore=2_seed1=1626_seed2=1650.sh
spin2_L512_Jdis135_Dim016_B40_BC=PBC_Ncore=2_seed1=1651_seed2=1675.sh
spin2_L512_Jdis135_Dim016_B40_BC=PBC_Ncore=2_seed1=1676_seed2=1700.sh
spin2_L512_Jdis135_Dim016_B40_BC=PBC_Ncore=2_seed1=1701_seed2=1725.sh
spin2_L512_Jdis135_Dim016_B40_BC=PBC_Ncore=2_seed1=1726_seed2=1750.sh
spin2_L512_Jdis135_Dim016_B40_BC=PBC_Ncore=2_seed1=1751_seed2=1775.sh
spin2_L512_Jdis135_Dim016_B40_BC=PBC_Ncore=2_seed1=1776_seed2=1800.sh
spin2_L512_Jdis135_Dim016_B40_BC=PBC_Ncore=2_seed1=1801_seed2=1825.sh
spin2_L512_Jdis135_Dim016_B40_BC=PBC_Ncore=2_seed1=1826_seed2=1850.sh
spin2_L512_Jdis135_Dim016_B40_BC=PBC_Ncore=2_seed1=1851_seed2=1875.sh
spin2_L512_Jdis135_Dim016_B40_BC=PBC_Ncore=2_seed1=1876_seed2=1900.sh
spin2_L512_Jdis135_Dim016_B40_BC=PBC_Ncore=2_seed1=1901_seed2=1925.sh
spin2_L512_Jdis135_Dim016_B40_BC=PBC_Ncore=2_seed1=1926_seed2=1950.sh
spin2_L512_Jdis135_Dim016_B40_BC=PBC_Ncore=2_seed1=1951_seed2=1975.sh
spin2_L512_Jdis135_Dim016_B40_BC=PBC_Ncore=2_seed1=1976_seed2=2000.sh
---------------Dim017---------------
numOfinterval=80
spin2_L512_Jdis135_Dim017_B40_BC=PBC_Ncore=2_seed1=1_seed2=25.sh
spin2_L512_Jdis135_Dim017_B40_BC=PBC_Ncore=2_seed1=26_seed2=50.sh
spin2_L512_Jdis135_Dim017_B40_BC=PBC_Ncore=2_seed1=51_seed2=75.sh
spin2_L512_Jdis135_Dim017_B40_BC=PBC_Ncore=2_seed1=76_seed2=100.sh
spin2_L512_Jdis135_Dim017_B40_BC=PBC_Ncore=2_seed1=101_seed2=125.sh
spin2_L512_Jdis135_Dim017_B40_BC=PBC_Ncore=2_seed1=126_seed2=150.sh
spin2_L512_Jdis135_Dim017_B40_BC=PBC_Ncore=2_seed1=151_seed2=175.sh
spin2_L512_Jdis135_Dim017_B40_BC=PBC_Ncore=2_seed1=176_seed2=200.sh
spin2_L512_Jdis135_Dim017_B40_BC=PBC_Ncore=2_seed1=201_seed2=225.sh
spin2_L512_Jdis135_Dim017_B40_BC=PBC_Ncore=2_seed1=226_seed2=250.sh
spin2_L512_Jdis135_Dim017_B40_BC=PBC_Ncore=2_seed1=251_seed2=275.sh
spin2_L512_Jdis135_Dim017_B40_BC=PBC_Ncore=2_seed1=276_seed2=300.sh
spin2_L512_Jdis135_Dim017_B40_BC=PBC_Ncore=2_seed1=301_seed2=325.sh
spin2_L512_Jdis135_Dim017_B40_BC=PBC_Ncore=2_seed1=326_seed2=350.sh
spin2_L512_Jdis135_Dim017_B40_BC=PBC_Ncore=2_seed1=351_seed2=375.sh
spin2_L512_Jdis135_Dim017_B40_BC=PBC_Ncore=2_seed1=376_seed2=400.sh
spin2_L512_Jdis135_Dim017_B40_BC=PBC_Ncore=2_seed1=401_seed2=425.sh
spin2_L512_Jdis135_Dim017_B40_BC=PBC_Ncore=2_seed1=426_seed2=450.sh
spin2_L512_Jdis135_Dim017_B40_BC=PBC_Ncore=2_seed1=451_seed2=475.sh
spin2_L512_Jdis135_Dim017_B40_BC=PBC_Ncore=2_seed1=476_seed2=500.sh
spin2_L512_Jdis135_Dim017_B40_BC=PBC_Ncore=2_seed1=501_seed2=525.sh
spin2_L512_Jdis135_Dim017_B40_BC=PBC_Ncore=2_seed1=526_seed2=550.sh
spin2_L512_Jdis135_Dim017_B40_BC=PBC_Ncore=2_seed1=551_seed2=575.sh
spin2_L512_Jdis135_Dim017_B40_BC=PBC_Ncore=2_seed1=576_seed2=600.sh
spin2_L512_Jdis135_Dim017_B40_BC=PBC_Ncore=2_seed1=601_seed2=625.sh
spin2_L512_Jdis135_Dim017_B40_BC=PBC_Ncore=2_seed1=626_seed2=650.sh
spin2_L512_Jdis135_Dim017_B40_BC=PBC_Ncore=2_seed1=651_seed2=675.sh
spin2_L512_Jdis135_Dim017_B40_BC=PBC_Ncore=2_seed1=676_seed2=700.sh
spin2_L512_Jdis135_Dim017_B40_BC=PBC_Ncore=2_seed1=701_seed2=725.sh
spin2_L512_Jdis135_Dim017_B40_BC=PBC_Ncore=2_seed1=726_seed2=750.sh
spin2_L512_Jdis135_Dim017_B40_BC=PBC_Ncore=2_seed1=751_seed2=775.sh
spin2_L512_Jdis135_Dim017_B40_BC=PBC_Ncore=2_seed1=776_seed2=800.sh
spin2_L512_Jdis135_Dim017_B40_BC=PBC_Ncore=2_seed1=801_seed2=825.sh
spin2_L512_Jdis135_Dim017_B40_BC=PBC_Ncore=2_seed1=826_seed2=850.sh
spin2_L512_Jdis135_Dim017_B40_BC=PBC_Ncore=2_seed1=851_seed2=875.sh
spin2_L512_Jdis135_Dim017_B40_BC=PBC_Ncore=2_seed1=876_seed2=900.sh
spin2_L512_Jdis135_Dim017_B40_BC=PBC_Ncore=2_seed1=901_seed2=925.sh
spin2_L512_Jdis135_Dim017_B40_BC=PBC_Ncore=2_seed1=926_seed2=950.sh
spin2_L512_Jdis135_Dim017_B40_BC=PBC_Ncore=2_seed1=951_seed2=975.sh
spin2_L512_Jdis135_Dim017_B40_BC=PBC_Ncore=2_seed1=976_seed2=1000.sh
spin2_L512_Jdis135_Dim017_B40_BC=PBC_Ncore=2_seed1=1001_seed2=1025.sh
spin2_L512_Jdis135_Dim017_B40_BC=PBC_Ncore=2_seed1=1026_seed2=1050.sh
spin2_L512_Jdis135_Dim017_B40_BC=PBC_Ncore=2_seed1=1051_seed2=1075.sh
spin2_L512_Jdis135_Dim017_B40_BC=PBC_Ncore=2_seed1=1076_seed2=1100.sh
spin2_L512_Jdis135_Dim017_B40_BC=PBC_Ncore=2_seed1=1101_seed2=1125.sh
spin2_L512_Jdis135_Dim017_B40_BC=PBC_Ncore=2_seed1=1126_seed2=1150.sh
spin2_L512_Jdis135_Dim017_B40_BC=PBC_Ncore=2_seed1=1151_seed2=1175.sh
spin2_L512_Jdis135_Dim017_B40_BC=PBC_Ncore=2_seed1=1176_seed2=1200.sh
spin2_L512_Jdis135_Dim017_B40_BC=PBC_Ncore=2_seed1=1201_seed2=1225.sh
spin2_L512_Jdis135_Dim017_B40_BC=PBC_Ncore=2_seed1=1226_seed2=1250.sh
spin2_L512_Jdis135_Dim017_B40_BC=PBC_Ncore=2_seed1=1251_seed2=1275.sh
spin2_L512_Jdis135_Dim017_B40_BC=PBC_Ncore=2_seed1=1276_seed2=1300.sh
spin2_L512_Jdis135_Dim017_B40_BC=PBC_Ncore=2_seed1=1301_seed2=1325.sh
spin2_L512_Jdis135_Dim017_B40_BC=PBC_Ncore=2_seed1=1326_seed2=1350.sh
spin2_L512_Jdis135_Dim017_B40_BC=PBC_Ncore=2_seed1=1351_seed2=1375.sh
spin2_L512_Jdis135_Dim017_B40_BC=PBC_Ncore=2_seed1=1376_seed2=1400.sh
spin2_L512_Jdis135_Dim017_B40_BC=PBC_Ncore=2_seed1=1401_seed2=1425.sh
spin2_L512_Jdis135_Dim017_B40_BC=PBC_Ncore=2_seed1=1426_seed2=1450.sh
spin2_L512_Jdis135_Dim017_B40_BC=PBC_Ncore=2_seed1=1451_seed2=1475.sh
spin2_L512_Jdis135_Dim017_B40_BC=PBC_Ncore=2_seed1=1476_seed2=1500.sh
spin2_L512_Jdis135_Dim017_B40_BC=PBC_Ncore=2_seed1=1501_seed2=1525.sh
spin2_L512_Jdis135_Dim017_B40_BC=PBC_Ncore=2_seed1=1526_seed2=1550.sh
spin2_L512_Jdis135_Dim017_B40_BC=PBC_Ncore=2_seed1=1551_seed2=1575.sh
spin2_L512_Jdis135_Dim017_B40_BC=PBC_Ncore=2_seed1=1576_seed2=1600.sh
spin2_L512_Jdis135_Dim017_B40_BC=PBC_Ncore=2_seed1=1601_seed2=1625.sh
spin2_L512_Jdis135_Dim017_B40_BC=PBC_Ncore=2_seed1=1626_seed2=1650.sh
spin2_L512_Jdis135_Dim017_B40_BC=PBC_Ncore=2_seed1=1651_seed2=1675.sh
spin2_L512_Jdis135_Dim017_B40_BC=PBC_Ncore=2_seed1=1676_seed2=1700.sh
spin2_L512_Jdis135_Dim017_B40_BC=PBC_Ncore=2_seed1=1701_seed2=1725.sh
spin2_L512_Jdis135_Dim017_B40_BC=PBC_Ncore=2_seed1=1726_seed2=1750.sh
spin2_L512_Jdis135_Dim017_B40_BC=PBC_Ncore=2_seed1=1751_seed2=1775.sh
spin2_L512_Jdis135_Dim017_B40_BC=PBC_Ncore=2_seed1=1776_seed2=1800.sh
spin2_L512_Jdis135_Dim017_B40_BC=PBC_Ncore=2_seed1=1801_seed2=1825.sh
spin2_L512_Jdis135_Dim017_B40_BC=PBC_Ncore=2_seed1=1826_seed2=1850.sh
spin2_L512_Jdis135_Dim017_B40_BC=PBC_Ncore=2_seed1=1851_seed2=1875.sh
spin2_L512_Jdis135_Dim017_B40_BC=PBC_Ncore=2_seed1=1876_seed2=1900.sh
spin2_L512_Jdis135_Dim017_B40_BC=PBC_Ncore=2_seed1=1901_seed2=1925.sh
spin2_L512_Jdis135_Dim017_B40_BC=PBC_Ncore=2_seed1=1926_seed2=1950.sh
spin2_L512_Jdis135_Dim017_B40_BC=PBC_Ncore=2_seed1=1951_seed2=1975.sh
spin2_L512_Jdis135_Dim017_B40_BC=PBC_Ncore=2_seed1=1976_seed2=2000.sh
xxxxxxxxxxxxxxx_Jdis140_xxxxxxxxxxxxxxx
---------------Dim016---------------
numOfinterval=80
spin2_L512_Jdis140_Dim016_B40_BC=PBC_Ncore=2_seed1=1_seed2=25.sh
spin2_L512_Jdis140_Dim016_B40_BC=PBC_Ncore=2_seed1=26_seed2=50.sh
spin2_L512_Jdis140_Dim016_B40_BC=PBC_Ncore=2_seed1=51_seed2=75.sh
spin2_L512_Jdis140_Dim016_B40_BC=PBC_Ncore=2_seed1=76_seed2=100.sh
spin2_L512_Jdis140_Dim016_B40_BC=PBC_Ncore=2_seed1=101_seed2=125.sh
spin2_L512_Jdis140_Dim016_B40_BC=PBC_Ncore=2_seed1=126_seed2=150.sh
spin2_L512_Jdis140_Dim016_B40_BC=PBC_Ncore=2_seed1=151_seed2=175.sh
spin2_L512_Jdis140_Dim016_B40_BC=PBC_Ncore=2_seed1=176_seed2=200.sh
spin2_L512_Jdis140_Dim016_B40_BC=PBC_Ncore=2_seed1=201_seed2=225.sh
spin2_L512_Jdis140_Dim016_B40_BC=PBC_Ncore=2_seed1=226_seed2=250.sh
spin2_L512_Jdis140_Dim016_B40_BC=PBC_Ncore=2_seed1=251_seed2=275.sh
spin2_L512_Jdis140_Dim016_B40_BC=PBC_Ncore=2_seed1=276_seed2=300.sh
spin2_L512_Jdis140_Dim016_B40_BC=PBC_Ncore=2_seed1=301_seed2=325.sh
spin2_L512_Jdis140_Dim016_B40_BC=PBC_Ncore=2_seed1=326_seed2=350.sh
spin2_L512_Jdis140_Dim016_B40_BC=PBC_Ncore=2_seed1=351_seed2=375.sh
spin2_L512_Jdis140_Dim016_B40_BC=PBC_Ncore=2_seed1=376_seed2=400.sh
spin2_L512_Jdis140_Dim016_B40_BC=PBC_Ncore=2_seed1=401_seed2=425.sh
spin2_L512_Jdis140_Dim016_B40_BC=PBC_Ncore=2_seed1=426_seed2=450.sh
spin2_L512_Jdis140_Dim016_B40_BC=PBC_Ncore=2_seed1=451_seed2=475.sh
spin2_L512_Jdis140_Dim016_B40_BC=PBC_Ncore=2_seed1=476_seed2=500.sh
spin2_L512_Jdis140_Dim016_B40_BC=PBC_Ncore=2_seed1=501_seed2=525.sh
spin2_L512_Jdis140_Dim016_B40_BC=PBC_Ncore=2_seed1=526_seed2=550.sh
spin2_L512_Jdis140_Dim016_B40_BC=PBC_Ncore=2_seed1=551_seed2=575.sh
spin2_L512_Jdis140_Dim016_B40_BC=PBC_Ncore=2_seed1=576_seed2=600.sh
spin2_L512_Jdis140_Dim016_B40_BC=PBC_Ncore=2_seed1=601_seed2=625.sh
spin2_L512_Jdis140_Dim016_B40_BC=PBC_Ncore=2_seed1=626_seed2=650.sh
spin2_L512_Jdis140_Dim016_B40_BC=PBC_Ncore=2_seed1=651_seed2=675.sh
spin2_L512_Jdis140_Dim016_B40_BC=PBC_Ncore=2_seed1=676_seed2=700.sh
spin2_L512_Jdis140_Dim016_B40_BC=PBC_Ncore=2_seed1=701_seed2=725.sh
spin2_L512_Jdis140_Dim016_B40_BC=PBC_Ncore=2_seed1=726_seed2=750.sh
spin2_L512_Jdis140_Dim016_B40_BC=PBC_Ncore=2_seed1=751_seed2=775.sh
spin2_L512_Jdis140_Dim016_B40_BC=PBC_Ncore=2_seed1=776_seed2=800.sh
spin2_L512_Jdis140_Dim016_B40_BC=PBC_Ncore=2_seed1=801_seed2=825.sh
spin2_L512_Jdis140_Dim016_B40_BC=PBC_Ncore=2_seed1=826_seed2=850.sh
spin2_L512_Jdis140_Dim016_B40_BC=PBC_Ncore=2_seed1=851_seed2=875.sh
spin2_L512_Jdis140_Dim016_B40_BC=PBC_Ncore=2_seed1=876_seed2=900.sh
spin2_L512_Jdis140_Dim016_B40_BC=PBC_Ncore=2_seed1=901_seed2=925.sh
spin2_L512_Jdis140_Dim016_B40_BC=PBC_Ncore=2_seed1=926_seed2=950.sh
spin2_L512_Jdis140_Dim016_B40_BC=PBC_Ncore=2_seed1=951_seed2=975.sh
spin2_L512_Jdis140_Dim016_B40_BC=PBC_Ncore=2_seed1=976_seed2=1000.sh
spin2_L512_Jdis140_Dim016_B40_BC=PBC_Ncore=2_seed1=1001_seed2=1025.sh
spin2_L512_Jdis140_Dim016_B40_BC=PBC_Ncore=2_seed1=1026_seed2=1050.sh
spin2_L512_Jdis140_Dim016_B40_BC=PBC_Ncore=2_seed1=1051_seed2=1075.sh
spin2_L512_Jdis140_Dim016_B40_BC=PBC_Ncore=2_seed1=1076_seed2=1100.sh
spin2_L512_Jdis140_Dim016_B40_BC=PBC_Ncore=2_seed1=1101_seed2=1125.sh
spin2_L512_Jdis140_Dim016_B40_BC=PBC_Ncore=2_seed1=1126_seed2=1150.sh
spin2_L512_Jdis140_Dim016_B40_BC=PBC_Ncore=2_seed1=1151_seed2=1175.sh
spin2_L512_Jdis140_Dim016_B40_BC=PBC_Ncore=2_seed1=1176_seed2=1200.sh
spin2_L512_Jdis140_Dim016_B40_BC=PBC_Ncore=2_seed1=1201_seed2=1225.sh
spin2_L512_Jdis140_Dim016_B40_BC=PBC_Ncore=2_seed1=1226_seed2=1250.sh
spin2_L512_Jdis140_Dim016_B40_BC=PBC_Ncore=2_seed1=1251_seed2=1275.sh
spin2_L512_Jdis140_Dim016_B40_BC=PBC_Ncore=2_seed1=1276_seed2=1300.sh
spin2_L512_Jdis140_Dim016_B40_BC=PBC_Ncore=2_seed1=1301_seed2=1325.sh
spin2_L512_Jdis140_Dim016_B40_BC=PBC_Ncore=2_seed1=1326_seed2=1350.sh
spin2_L512_Jdis140_Dim016_B40_BC=PBC_Ncore=2_seed1=1351_seed2=1375.sh
spin2_L512_Jdis140_Dim016_B40_BC=PBC_Ncore=2_seed1=1376_seed2=1400.sh
spin2_L512_Jdis140_Dim016_B40_BC=PBC_Ncore=2_seed1=1401_seed2=1425.sh
spin2_L512_Jdis140_Dim016_B40_BC=PBC_Ncore=2_seed1=1426_seed2=1450.sh
spin2_L512_Jdis140_Dim016_B40_BC=PBC_Ncore=2_seed1=1451_seed2=1475.sh
spin2_L512_Jdis140_Dim016_B40_BC=PBC_Ncore=2_seed1=1476_seed2=1500.sh
spin2_L512_Jdis140_Dim016_B40_BC=PBC_Ncore=2_seed1=1501_seed2=1525.sh
spin2_L512_Jdis140_Dim016_B40_BC=PBC_Ncore=2_seed1=1526_seed2=1550.sh
spin2_L512_Jdis140_Dim016_B40_BC=PBC_Ncore=2_seed1=1551_seed2=1575.sh
spin2_L512_Jdis140_Dim016_B40_BC=PBC_Ncore=2_seed1=1576_seed2=1600.sh
spin2_L512_Jdis140_Dim016_B40_BC=PBC_Ncore=2_seed1=1601_seed2=1625.sh
spin2_L512_Jdis140_Dim016_B40_BC=PBC_Ncore=2_seed1=1626_seed2=1650.sh
spin2_L512_Jdis140_Dim016_B40_BC=PBC_Ncore=2_seed1=1651_seed2=1675.sh
spin2_L512_Jdis140_Dim016_B40_BC=PBC_Ncore=2_seed1=1676_seed2=1700.sh
spin2_L512_Jdis140_Dim016_B40_BC=PBC_Ncore=2_seed1=1701_seed2=1725.sh
spin2_L512_Jdis140_Dim016_B40_BC=PBC_Ncore=2_seed1=1726_seed2=1750.sh
spin2_L512_Jdis140_Dim016_B40_BC=PBC_Ncore=2_seed1=1751_seed2=1775.sh
spin2_L512_Jdis140_Dim016_B40_BC=PBC_Ncore=2_seed1=1776_seed2=1800.sh
spin2_L512_Jdis140_Dim016_B40_BC=PBC_Ncore=2_seed1=1801_seed2=1825.sh
spin2_L512_Jdis140_Dim016_B40_BC=PBC_Ncore=2_seed1=1826_seed2=1850.sh
spin2_L512_Jdis140_Dim016_B40_BC=PBC_Ncore=2_seed1=1851_seed2=1875.sh
spin2_L512_Jdis140_Dim016_B40_BC=PBC_Ncore=2_seed1=1876_seed2=1900.sh
spin2_L512_Jdis140_Dim016_B40_BC=PBC_Ncore=2_seed1=1901_seed2=1925.sh
spin2_L512_Jdis140_Dim016_B40_BC=PBC_Ncore=2_seed1=1926_seed2=1950.sh
spin2_L512_Jdis140_Dim016_B40_BC=PBC_Ncore=2_seed1=1951_seed2=1975.sh
spin2_L512_Jdis140_Dim016_B40_BC=PBC_Ncore=2_seed1=1976_seed2=2000.sh
---------------Dim017---------------
numOfinterval=80
spin2_L512_Jdis140_Dim017_B40_BC=PBC_Ncore=2_seed1=1_seed2=25.sh
spin2_L512_Jdis140_Dim017_B40_BC=PBC_Ncore=2_seed1=26_seed2=50.sh
spin2_L512_Jdis140_Dim017_B40_BC=PBC_Ncore=2_seed1=51_seed2=75.sh
spin2_L512_Jdis140_Dim017_B40_BC=PBC_Ncore=2_seed1=76_seed2=100.sh
spin2_L512_Jdis140_Dim017_B40_BC=PBC_Ncore=2_seed1=101_seed2=125.sh
spin2_L512_Jdis140_Dim017_B40_BC=PBC_Ncore=2_seed1=126_seed2=150.sh
spin2_L512_Jdis140_Dim017_B40_BC=PBC_Ncore=2_seed1=151_seed2=175.sh
spin2_L512_Jdis140_Dim017_B40_BC=PBC_Ncore=2_seed1=176_seed2=200.sh
spin2_L512_Jdis140_Dim017_B40_BC=PBC_Ncore=2_seed1=201_seed2=225.sh
spin2_L512_Jdis140_Dim017_B40_BC=PBC_Ncore=2_seed1=226_seed2=250.sh
spin2_L512_Jdis140_Dim017_B40_BC=PBC_Ncore=2_seed1=251_seed2=275.sh
spin2_L512_Jdis140_Dim017_B40_BC=PBC_Ncore=2_seed1=276_seed2=300.sh
spin2_L512_Jdis140_Dim017_B40_BC=PBC_Ncore=2_seed1=301_seed2=325.sh
spin2_L512_Jdis140_Dim017_B40_BC=PBC_Ncore=2_seed1=326_seed2=350.sh
spin2_L512_Jdis140_Dim017_B40_BC=PBC_Ncore=2_seed1=351_seed2=375.sh
spin2_L512_Jdis140_Dim017_B40_BC=PBC_Ncore=2_seed1=376_seed2=400.sh
spin2_L512_Jdis140_Dim017_B40_BC=PBC_Ncore=2_seed1=401_seed2=425.sh
spin2_L512_Jdis140_Dim017_B40_BC=PBC_Ncore=2_seed1=426_seed2=450.sh
spin2_L512_Jdis140_Dim017_B40_BC=PBC_Ncore=2_seed1=451_seed2=475.sh
spin2_L512_Jdis140_Dim017_B40_BC=PBC_Ncore=2_seed1=476_seed2=500.sh
spin2_L512_Jdis140_Dim017_B40_BC=PBC_Ncore=2_seed1=501_seed2=525.sh
spin2_L512_Jdis140_Dim017_B40_BC=PBC_Ncore=2_seed1=526_seed2=550.sh
spin2_L512_Jdis140_Dim017_B40_BC=PBC_Ncore=2_seed1=551_seed2=575.sh
spin2_L512_Jdis140_Dim017_B40_BC=PBC_Ncore=2_seed1=576_seed2=600.sh
spin2_L512_Jdis140_Dim017_B40_BC=PBC_Ncore=2_seed1=601_seed2=625.sh
spin2_L512_Jdis140_Dim017_B40_BC=PBC_Ncore=2_seed1=626_seed2=650.sh
spin2_L512_Jdis140_Dim017_B40_BC=PBC_Ncore=2_seed1=651_seed2=675.sh
spin2_L512_Jdis140_Dim017_B40_BC=PBC_Ncore=2_seed1=676_seed2=700.sh
spin2_L512_Jdis140_Dim017_B40_BC=PBC_Ncore=2_seed1=701_seed2=725.sh
spin2_L512_Jdis140_Dim017_B40_BC=PBC_Ncore=2_seed1=726_seed2=750.sh
spin2_L512_Jdis140_Dim017_B40_BC=PBC_Ncore=2_seed1=751_seed2=775.sh
spin2_L512_Jdis140_Dim017_B40_BC=PBC_Ncore=2_seed1=776_seed2=800.sh
spin2_L512_Jdis140_Dim017_B40_BC=PBC_Ncore=2_seed1=801_seed2=825.sh
spin2_L512_Jdis140_Dim017_B40_BC=PBC_Ncore=2_seed1=826_seed2=850.sh
spin2_L512_Jdis140_Dim017_B40_BC=PBC_Ncore=2_seed1=851_seed2=875.sh
spin2_L512_Jdis140_Dim017_B40_BC=PBC_Ncore=2_seed1=876_seed2=900.sh
spin2_L512_Jdis140_Dim017_B40_BC=PBC_Ncore=2_seed1=901_seed2=925.sh
spin2_L512_Jdis140_Dim017_B40_BC=PBC_Ncore=2_seed1=926_seed2=950.sh
spin2_L512_Jdis140_Dim017_B40_BC=PBC_Ncore=2_seed1=951_seed2=975.sh
spin2_L512_Jdis140_Dim017_B40_BC=PBC_Ncore=2_seed1=976_seed2=1000.sh
spin2_L512_Jdis140_Dim017_B40_BC=PBC_Ncore=2_seed1=1001_seed2=1025.sh
spin2_L512_Jdis140_Dim017_B40_BC=PBC_Ncore=2_seed1=1026_seed2=1050.sh
spin2_L512_Jdis140_Dim017_B40_BC=PBC_Ncore=2_seed1=1051_seed2=1075.sh
spin2_L512_Jdis140_Dim017_B40_BC=PBC_Ncore=2_seed1=1076_seed2=1100.sh
spin2_L512_Jdis140_Dim017_B40_BC=PBC_Ncore=2_seed1=1101_seed2=1125.sh
spin2_L512_Jdis140_Dim017_B40_BC=PBC_Ncore=2_seed1=1126_seed2=1150.sh
spin2_L512_Jdis140_Dim017_B40_BC=PBC_Ncore=2_seed1=1151_seed2=1175.sh
spin2_L512_Jdis140_Dim017_B40_BC=PBC_Ncore=2_seed1=1176_seed2=1200.sh
spin2_L512_Jdis140_Dim017_B40_BC=PBC_Ncore=2_seed1=1201_seed2=1225.sh
spin2_L512_Jdis140_Dim017_B40_BC=PBC_Ncore=2_seed1=1226_seed2=1250.sh
spin2_L512_Jdis140_Dim017_B40_BC=PBC_Ncore=2_seed1=1251_seed2=1275.sh
spin2_L512_Jdis140_Dim017_B40_BC=PBC_Ncore=2_seed1=1276_seed2=1300.sh
spin2_L512_Jdis140_Dim017_B40_BC=PBC_Ncore=2_seed1=1301_seed2=1325.sh
spin2_L512_Jdis140_Dim017_B40_BC=PBC_Ncore=2_seed1=1326_seed2=1350.sh
spin2_L512_Jdis140_Dim017_B40_BC=PBC_Ncore=2_seed1=1351_seed2=1375.sh
spin2_L512_Jdis140_Dim017_B40_BC=PBC_Ncore=2_seed1=1376_seed2=1400.sh
spin2_L512_Jdis140_Dim017_B40_BC=PBC_Ncore=2_seed1=1401_seed2=1425.sh
spin2_L512_Jdis140_Dim017_B40_BC=PBC_Ncore=2_seed1=1426_seed2=1450.sh
spin2_L512_Jdis140_Dim017_B40_BC=PBC_Ncore=2_seed1=1451_seed2=1475.sh
spin2_L512_Jdis140_Dim017_B40_BC=PBC_Ncore=2_seed1=1476_seed2=1500.sh
spin2_L512_Jdis140_Dim017_B40_BC=PBC_Ncore=2_seed1=1501_seed2=1525.sh
spin2_L512_Jdis140_Dim017_B40_BC=PBC_Ncore=2_seed1=1526_seed2=1550.sh
spin2_L512_Jdis140_Dim017_B40_BC=PBC_Ncore=2_seed1=1551_seed2=1575.sh
spin2_L512_Jdis140_Dim017_B40_BC=PBC_Ncore=2_seed1=1576_seed2=1600.sh
spin2_L512_Jdis140_Dim017_B40_BC=PBC_Ncore=2_seed1=1601_seed2=1625.sh
spin2_L512_Jdis140_Dim017_B40_BC=PBC_Ncore=2_seed1=1626_seed2=1650.sh
spin2_L512_Jdis140_Dim017_B40_BC=PBC_Ncore=2_seed1=1651_seed2=1675.sh
spin2_L512_Jdis140_Dim017_B40_BC=PBC_Ncore=2_seed1=1676_seed2=1700.sh
spin2_L512_Jdis140_Dim017_B40_BC=PBC_Ncore=2_seed1=1701_seed2=1725.sh
spin2_L512_Jdis140_Dim017_B40_BC=PBC_Ncore=2_seed1=1726_seed2=1750.sh
spin2_L512_Jdis140_Dim017_B40_BC=PBC_Ncore=2_seed1=1751_seed2=1775.sh
spin2_L512_Jdis140_Dim017_B40_BC=PBC_Ncore=2_seed1=1776_seed2=1800.sh
spin2_L512_Jdis140_Dim017_B40_BC=PBC_Ncore=2_seed1=1801_seed2=1825.sh
spin2_L512_Jdis140_Dim017_B40_BC=PBC_Ncore=2_seed1=1826_seed2=1850.sh
spin2_L512_Jdis140_Dim017_B40_BC=PBC_Ncore=2_seed1=1851_seed2=1875.sh
spin2_L512_Jdis140_Dim017_B40_BC=PBC_Ncore=2_seed1=1876_seed2=1900.sh
spin2_L512_Jdis140_Dim017_B40_BC=PBC_Ncore=2_seed1=1901_seed2=1925.sh
spin2_L512_Jdis140_Dim017_B40_BC=PBC_Ncore=2_seed1=1926_seed2=1950.sh
spin2_L512_Jdis140_Dim017_B40_BC=PBC_Ncore=2_seed1=1951_seed2=1975.sh
spin2_L512_Jdis140_Dim017_B40_BC=PBC_Ncore=2_seed1=1976_seed2=2000.sh
xxxxxxxxxxxxxxx_Jdis145_xxxxxxxxxxxxxxx
---------------Dim016---------------
numOfinterval=80
spin2_L512_Jdis145_Dim016_B40_BC=PBC_Ncore=2_seed1=1_seed2=25.sh
spin2_L512_Jdis145_Dim016_B40_BC=PBC_Ncore=2_seed1=26_seed2=50.sh
spin2_L512_Jdis145_Dim016_B40_BC=PBC_Ncore=2_seed1=51_seed2=75.sh
spin2_L512_Jdis145_Dim016_B40_BC=PBC_Ncore=2_seed1=76_seed2=100.sh
spin2_L512_Jdis145_Dim016_B40_BC=PBC_Ncore=2_seed1=101_seed2=125.sh
spin2_L512_Jdis145_Dim016_B40_BC=PBC_Ncore=2_seed1=126_seed2=150.sh
spin2_L512_Jdis145_Dim016_B40_BC=PBC_Ncore=2_seed1=151_seed2=175.sh
spin2_L512_Jdis145_Dim016_B40_BC=PBC_Ncore=2_seed1=176_seed2=200.sh
spin2_L512_Jdis145_Dim016_B40_BC=PBC_Ncore=2_seed1=201_seed2=225.sh
spin2_L512_Jdis145_Dim016_B40_BC=PBC_Ncore=2_seed1=226_seed2=250.sh
spin2_L512_Jdis145_Dim016_B40_BC=PBC_Ncore=2_seed1=251_seed2=275.sh
spin2_L512_Jdis145_Dim016_B40_BC=PBC_Ncore=2_seed1=276_seed2=300.sh
spin2_L512_Jdis145_Dim016_B40_BC=PBC_Ncore=2_seed1=301_seed2=325.sh
spin2_L512_Jdis145_Dim016_B40_BC=PBC_Ncore=2_seed1=326_seed2=350.sh
spin2_L512_Jdis145_Dim016_B40_BC=PBC_Ncore=2_seed1=351_seed2=375.sh
spin2_L512_Jdis145_Dim016_B40_BC=PBC_Ncore=2_seed1=376_seed2=400.sh
spin2_L512_Jdis145_Dim016_B40_BC=PBC_Ncore=2_seed1=401_seed2=425.sh
spin2_L512_Jdis145_Dim016_B40_BC=PBC_Ncore=2_seed1=426_seed2=450.sh
spin2_L512_Jdis145_Dim016_B40_BC=PBC_Ncore=2_seed1=451_seed2=475.sh
spin2_L512_Jdis145_Dim016_B40_BC=PBC_Ncore=2_seed1=476_seed2=500.sh
spin2_L512_Jdis145_Dim016_B40_BC=PBC_Ncore=2_seed1=501_seed2=525.sh
spin2_L512_Jdis145_Dim016_B40_BC=PBC_Ncore=2_seed1=526_seed2=550.sh
spin2_L512_Jdis145_Dim016_B40_BC=PBC_Ncore=2_seed1=551_seed2=575.sh
spin2_L512_Jdis145_Dim016_B40_BC=PBC_Ncore=2_seed1=576_seed2=600.sh
spin2_L512_Jdis145_Dim016_B40_BC=PBC_Ncore=2_seed1=601_seed2=625.sh
spin2_L512_Jdis145_Dim016_B40_BC=PBC_Ncore=2_seed1=626_seed2=650.sh
spin2_L512_Jdis145_Dim016_B40_BC=PBC_Ncore=2_seed1=651_seed2=675.sh
spin2_L512_Jdis145_Dim016_B40_BC=PBC_Ncore=2_seed1=676_seed2=700.sh
spin2_L512_Jdis145_Dim016_B40_BC=PBC_Ncore=2_seed1=701_seed2=725.sh
spin2_L512_Jdis145_Dim016_B40_BC=PBC_Ncore=2_seed1=726_seed2=750.sh
spin2_L512_Jdis145_Dim016_B40_BC=PBC_Ncore=2_seed1=751_seed2=775.sh
spin2_L512_Jdis145_Dim016_B40_BC=PBC_Ncore=2_seed1=776_seed2=800.sh
spin2_L512_Jdis145_Dim016_B40_BC=PBC_Ncore=2_seed1=801_seed2=825.sh
spin2_L512_Jdis145_Dim016_B40_BC=PBC_Ncore=2_seed1=826_seed2=850.sh
spin2_L512_Jdis145_Dim016_B40_BC=PBC_Ncore=2_seed1=851_seed2=875.sh
spin2_L512_Jdis145_Dim016_B40_BC=PBC_Ncore=2_seed1=876_seed2=900.sh
spin2_L512_Jdis145_Dim016_B40_BC=PBC_Ncore=2_seed1=901_seed2=925.sh
spin2_L512_Jdis145_Dim016_B40_BC=PBC_Ncore=2_seed1=926_seed2=950.sh
spin2_L512_Jdis145_Dim016_B40_BC=PBC_Ncore=2_seed1=951_seed2=975.sh
spin2_L512_Jdis145_Dim016_B40_BC=PBC_Ncore=2_seed1=976_seed2=1000.sh
spin2_L512_Jdis145_Dim016_B40_BC=PBC_Ncore=2_seed1=1001_seed2=1025.sh
spin2_L512_Jdis145_Dim016_B40_BC=PBC_Ncore=2_seed1=1026_seed2=1050.sh
spin2_L512_Jdis145_Dim016_B40_BC=PBC_Ncore=2_seed1=1051_seed2=1075.sh
spin2_L512_Jdis145_Dim016_B40_BC=PBC_Ncore=2_seed1=1076_seed2=1100.sh
spin2_L512_Jdis145_Dim016_B40_BC=PBC_Ncore=2_seed1=1101_seed2=1125.sh
spin2_L512_Jdis145_Dim016_B40_BC=PBC_Ncore=2_seed1=1126_seed2=1150.sh
spin2_L512_Jdis145_Dim016_B40_BC=PBC_Ncore=2_seed1=1151_seed2=1175.sh
spin2_L512_Jdis145_Dim016_B40_BC=PBC_Ncore=2_seed1=1176_seed2=1200.sh
spin2_L512_Jdis145_Dim016_B40_BC=PBC_Ncore=2_seed1=1201_seed2=1225.sh
spin2_L512_Jdis145_Dim016_B40_BC=PBC_Ncore=2_seed1=1226_seed2=1250.sh
spin2_L512_Jdis145_Dim016_B40_BC=PBC_Ncore=2_seed1=1251_seed2=1275.sh
spin2_L512_Jdis145_Dim016_B40_BC=PBC_Ncore=2_seed1=1276_seed2=1300.sh
spin2_L512_Jdis145_Dim016_B40_BC=PBC_Ncore=2_seed1=1301_seed2=1325.sh
spin2_L512_Jdis145_Dim016_B40_BC=PBC_Ncore=2_seed1=1326_seed2=1350.sh
spin2_L512_Jdis145_Dim016_B40_BC=PBC_Ncore=2_seed1=1351_seed2=1375.sh
spin2_L512_Jdis145_Dim016_B40_BC=PBC_Ncore=2_seed1=1376_seed2=1400.sh
spin2_L512_Jdis145_Dim016_B40_BC=PBC_Ncore=2_seed1=1401_seed2=1425.sh
spin2_L512_Jdis145_Dim016_B40_BC=PBC_Ncore=2_seed1=1426_seed2=1450.sh
spin2_L512_Jdis145_Dim016_B40_BC=PBC_Ncore=2_seed1=1451_seed2=1475.sh
spin2_L512_Jdis145_Dim016_B40_BC=PBC_Ncore=2_seed1=1476_seed2=1500.sh
spin2_L512_Jdis145_Dim016_B40_BC=PBC_Ncore=2_seed1=1501_seed2=1525.sh
spin2_L512_Jdis145_Dim016_B40_BC=PBC_Ncore=2_seed1=1526_seed2=1550.sh
spin2_L512_Jdis145_Dim016_B40_BC=PBC_Ncore=2_seed1=1551_seed2=1575.sh
spin2_L512_Jdis145_Dim016_B40_BC=PBC_Ncore=2_seed1=1576_seed2=1600.sh
spin2_L512_Jdis145_Dim016_B40_BC=PBC_Ncore=2_seed1=1601_seed2=1625.sh
spin2_L512_Jdis145_Dim016_B40_BC=PBC_Ncore=2_seed1=1626_seed2=1650.sh
spin2_L512_Jdis145_Dim016_B40_BC=PBC_Ncore=2_seed1=1651_seed2=1675.sh
spin2_L512_Jdis145_Dim016_B40_BC=PBC_Ncore=2_seed1=1676_seed2=1700.sh
spin2_L512_Jdis145_Dim016_B40_BC=PBC_Ncore=2_seed1=1701_seed2=1725.sh
spin2_L512_Jdis145_Dim016_B40_BC=PBC_Ncore=2_seed1=1726_seed2=1750.sh
spin2_L512_Jdis145_Dim016_B40_BC=PBC_Ncore=2_seed1=1751_seed2=1775.sh
spin2_L512_Jdis145_Dim016_B40_BC=PBC_Ncore=2_seed1=1776_seed2=1800.sh
spin2_L512_Jdis145_Dim016_B40_BC=PBC_Ncore=2_seed1=1801_seed2=1825.sh
spin2_L512_Jdis145_Dim016_B40_BC=PBC_Ncore=2_seed1=1826_seed2=1850.sh
spin2_L512_Jdis145_Dim016_B40_BC=PBC_Ncore=2_seed1=1851_seed2=1875.sh
spin2_L512_Jdis145_Dim016_B40_BC=PBC_Ncore=2_seed1=1876_seed2=1900.sh
spin2_L512_Jdis145_Dim016_B40_BC=PBC_Ncore=2_seed1=1901_seed2=1925.sh
spin2_L512_Jdis145_Dim016_B40_BC=PBC_Ncore=2_seed1=1926_seed2=1950.sh
spin2_L512_Jdis145_Dim016_B40_BC=PBC_Ncore=2_seed1=1951_seed2=1975.sh
spin2_L512_Jdis145_Dim016_B40_BC=PBC_Ncore=2_seed1=1976_seed2=2000.sh
---------------Dim017---------------
numOfinterval=80
spin2_L512_Jdis145_Dim017_B40_BC=PBC_Ncore=2_seed1=1_seed2=25.sh
spin2_L512_Jdis145_Dim017_B40_BC=PBC_Ncore=2_seed1=26_seed2=50.sh
spin2_L512_Jdis145_Dim017_B40_BC=PBC_Ncore=2_seed1=51_seed2=75.sh
spin2_L512_Jdis145_Dim017_B40_BC=PBC_Ncore=2_seed1=76_seed2=100.sh
spin2_L512_Jdis145_Dim017_B40_BC=PBC_Ncore=2_seed1=101_seed2=125.sh
spin2_L512_Jdis145_Dim017_B40_BC=PBC_Ncore=2_seed1=126_seed2=150.sh
spin2_L512_Jdis145_Dim017_B40_BC=PBC_Ncore=2_seed1=151_seed2=175.sh
spin2_L512_Jdis145_Dim017_B40_BC=PBC_Ncore=2_seed1=176_seed2=200.sh
spin2_L512_Jdis145_Dim017_B40_BC=PBC_Ncore=2_seed1=201_seed2=225.sh
spin2_L512_Jdis145_Dim017_B40_BC=PBC_Ncore=2_seed1=226_seed2=250.sh
spin2_L512_Jdis145_Dim017_B40_BC=PBC_Ncore=2_seed1=251_seed2=275.sh
spin2_L512_Jdis145_Dim017_B40_BC=PBC_Ncore=2_seed1=276_seed2=300.sh
spin2_L512_Jdis145_Dim017_B40_BC=PBC_Ncore=2_seed1=301_seed2=325.sh
spin2_L512_Jdis145_Dim017_B40_BC=PBC_Ncore=2_seed1=326_seed2=350.sh
spin2_L512_Jdis145_Dim017_B40_BC=PBC_Ncore=2_seed1=351_seed2=375.sh
spin2_L512_Jdis145_Dim017_B40_BC=PBC_Ncore=2_seed1=376_seed2=400.sh
spin2_L512_Jdis145_Dim017_B40_BC=PBC_Ncore=2_seed1=401_seed2=425.sh
spin2_L512_Jdis145_Dim017_B40_BC=PBC_Ncore=2_seed1=426_seed2=450.sh
spin2_L512_Jdis145_Dim017_B40_BC=PBC_Ncore=2_seed1=451_seed2=475.sh
spin2_L512_Jdis145_Dim017_B40_BC=PBC_Ncore=2_seed1=476_seed2=500.sh
spin2_L512_Jdis145_Dim017_B40_BC=PBC_Ncore=2_seed1=501_seed2=525.sh
spin2_L512_Jdis145_Dim017_B40_BC=PBC_Ncore=2_seed1=526_seed2=550.sh
spin2_L512_Jdis145_Dim017_B40_BC=PBC_Ncore=2_seed1=551_seed2=575.sh
spin2_L512_Jdis145_Dim017_B40_BC=PBC_Ncore=2_seed1=576_seed2=600.sh
spin2_L512_Jdis145_Dim017_B40_BC=PBC_Ncore=2_seed1=601_seed2=625.sh
spin2_L512_Jdis145_Dim017_B40_BC=PBC_Ncore=2_seed1=626_seed2=650.sh
spin2_L512_Jdis145_Dim017_B40_BC=PBC_Ncore=2_seed1=651_seed2=675.sh
spin2_L512_Jdis145_Dim017_B40_BC=PBC_Ncore=2_seed1=676_seed2=700.sh
spin2_L512_Jdis145_Dim017_B40_BC=PBC_Ncore=2_seed1=701_seed2=725.sh
spin2_L512_Jdis145_Dim017_B40_BC=PBC_Ncore=2_seed1=726_seed2=750.sh
spin2_L512_Jdis145_Dim017_B40_BC=PBC_Ncore=2_seed1=751_seed2=775.sh
spin2_L512_Jdis145_Dim017_B40_BC=PBC_Ncore=2_seed1=776_seed2=800.sh
spin2_L512_Jdis145_Dim017_B40_BC=PBC_Ncore=2_seed1=801_seed2=825.sh
spin2_L512_Jdis145_Dim017_B40_BC=PBC_Ncore=2_seed1=826_seed2=850.sh
spin2_L512_Jdis145_Dim017_B40_BC=PBC_Ncore=2_seed1=851_seed2=875.sh
spin2_L512_Jdis145_Dim017_B40_BC=PBC_Ncore=2_seed1=876_seed2=900.sh
spin2_L512_Jdis145_Dim017_B40_BC=PBC_Ncore=2_seed1=901_seed2=925.sh
spin2_L512_Jdis145_Dim017_B40_BC=PBC_Ncore=2_seed1=926_seed2=950.sh
spin2_L512_Jdis145_Dim017_B40_BC=PBC_Ncore=2_seed1=951_seed2=975.sh
spin2_L512_Jdis145_Dim017_B40_BC=PBC_Ncore=2_seed1=976_seed2=1000.sh
spin2_L512_Jdis145_Dim017_B40_BC=PBC_Ncore=2_seed1=1001_seed2=1025.sh
spin2_L512_Jdis145_Dim017_B40_BC=PBC_Ncore=2_seed1=1026_seed2=1050.sh
spin2_L512_Jdis145_Dim017_B40_BC=PBC_Ncore=2_seed1=1051_seed2=1075.sh
spin2_L512_Jdis145_Dim017_B40_BC=PBC_Ncore=2_seed1=1076_seed2=1100.sh
spin2_L512_Jdis145_Dim017_B40_BC=PBC_Ncore=2_seed1=1101_seed2=1125.sh
spin2_L512_Jdis145_Dim017_B40_BC=PBC_Ncore=2_seed1=1126_seed2=1150.sh
spin2_L512_Jdis145_Dim017_B40_BC=PBC_Ncore=2_seed1=1151_seed2=1175.sh
spin2_L512_Jdis145_Dim017_B40_BC=PBC_Ncore=2_seed1=1176_seed2=1200.sh
spin2_L512_Jdis145_Dim017_B40_BC=PBC_Ncore=2_seed1=1201_seed2=1225.sh
spin2_L512_Jdis145_Dim017_B40_BC=PBC_Ncore=2_seed1=1226_seed2=1250.sh
spin2_L512_Jdis145_Dim017_B40_BC=PBC_Ncore=2_seed1=1251_seed2=1275.sh
spin2_L512_Jdis145_Dim017_B40_BC=PBC_Ncore=2_seed1=1276_seed2=1300.sh
spin2_L512_Jdis145_Dim017_B40_BC=PBC_Ncore=2_seed1=1301_seed2=1325.sh
spin2_L512_Jdis145_Dim017_B40_BC=PBC_Ncore=2_seed1=1326_seed2=1350.sh
spin2_L512_Jdis145_Dim017_B40_BC=PBC_Ncore=2_seed1=1351_seed2=1375.sh
spin2_L512_Jdis145_Dim017_B40_BC=PBC_Ncore=2_seed1=1376_seed2=1400.sh
spin2_L512_Jdis145_Dim017_B40_BC=PBC_Ncore=2_seed1=1401_seed2=1425.sh
spin2_L512_Jdis145_Dim017_B40_BC=PBC_Ncore=2_seed1=1426_seed2=1450.sh
spin2_L512_Jdis145_Dim017_B40_BC=PBC_Ncore=2_seed1=1451_seed2=1475.sh
spin2_L512_Jdis145_Dim017_B40_BC=PBC_Ncore=2_seed1=1476_seed2=1500.sh
spin2_L512_Jdis145_Dim017_B40_BC=PBC_Ncore=2_seed1=1501_seed2=1525.sh
spin2_L512_Jdis145_Dim017_B40_BC=PBC_Ncore=2_seed1=1526_seed2=1550.sh
spin2_L512_Jdis145_Dim017_B40_BC=PBC_Ncore=2_seed1=1551_seed2=1575.sh
spin2_L512_Jdis145_Dim017_B40_BC=PBC_Ncore=2_seed1=1576_seed2=1600.sh
spin2_L512_Jdis145_Dim017_B40_BC=PBC_Ncore=2_seed1=1601_seed2=1625.sh
spin2_L512_Jdis145_Dim017_B40_BC=PBC_Ncore=2_seed1=1626_seed2=1650.sh
spin2_L512_Jdis145_Dim017_B40_BC=PBC_Ncore=2_seed1=1651_seed2=1675.sh
spin2_L512_Jdis145_Dim017_B40_BC=PBC_Ncore=2_seed1=1676_seed2=1700.sh
spin2_L512_Jdis145_Dim017_B40_BC=PBC_Ncore=2_seed1=1701_seed2=1725.sh
spin2_L512_Jdis145_Dim017_B40_BC=PBC_Ncore=2_seed1=1726_seed2=1750.sh
spin2_L512_Jdis145_Dim017_B40_BC=PBC_Ncore=2_seed1=1751_seed2=1775.sh
spin2_L512_Jdis145_Dim017_B40_BC=PBC_Ncore=2_seed1=1776_seed2=1800.sh
spin2_L512_Jdis145_Dim017_B40_BC=PBC_Ncore=2_seed1=1801_seed2=1825.sh
spin2_L512_Jdis145_Dim017_B40_BC=PBC_Ncore=2_seed1=1826_seed2=1850.sh
spin2_L512_Jdis145_Dim017_B40_BC=PBC_Ncore=2_seed1=1851_seed2=1875.sh
spin2_L512_Jdis145_Dim017_B40_BC=PBC_Ncore=2_seed1=1876_seed2=1900.sh
spin2_L512_Jdis145_Dim017_B40_BC=PBC_Ncore=2_seed1=1901_seed2=1925.sh
spin2_L512_Jdis145_Dim017_B40_BC=PBC_Ncore=2_seed1=1926_seed2=1950.sh
spin2_L512_Jdis145_Dim017_B40_BC=PBC_Ncore=2_seed1=1951_seed2=1975.sh
spin2_L512_Jdis145_Dim017_B40_BC=PBC_Ncore=2_seed1=1976_seed2=2000.sh
xxxxxxxxxxxxxxx_Jdis150_xxxxxxxxxxxxxxx
---------------Dim016---------------
numOfinterval=80
spin2_L512_Jdis150_Dim016_B40_BC=PBC_Ncore=2_seed1=1_seed2=25.sh
spin2_L512_Jdis150_Dim016_B40_BC=PBC_Ncore=2_seed1=26_seed2=50.sh
spin2_L512_Jdis150_Dim016_B40_BC=PBC_Ncore=2_seed1=51_seed2=75.sh
spin2_L512_Jdis150_Dim016_B40_BC=PBC_Ncore=2_seed1=76_seed2=100.sh
spin2_L512_Jdis150_Dim016_B40_BC=PBC_Ncore=2_seed1=101_seed2=125.sh
spin2_L512_Jdis150_Dim016_B40_BC=PBC_Ncore=2_seed1=126_seed2=150.sh
spin2_L512_Jdis150_Dim016_B40_BC=PBC_Ncore=2_seed1=151_seed2=175.sh
spin2_L512_Jdis150_Dim016_B40_BC=PBC_Ncore=2_seed1=176_seed2=200.sh
spin2_L512_Jdis150_Dim016_B40_BC=PBC_Ncore=2_seed1=201_seed2=225.sh
spin2_L512_Jdis150_Dim016_B40_BC=PBC_Ncore=2_seed1=226_seed2=250.sh
spin2_L512_Jdis150_Dim016_B40_BC=PBC_Ncore=2_seed1=251_seed2=275.sh
spin2_L512_Jdis150_Dim016_B40_BC=PBC_Ncore=2_seed1=276_seed2=300.sh
spin2_L512_Jdis150_Dim016_B40_BC=PBC_Ncore=2_seed1=301_seed2=325.sh
spin2_L512_Jdis150_Dim016_B40_BC=PBC_Ncore=2_seed1=326_seed2=350.sh
spin2_L512_Jdis150_Dim016_B40_BC=PBC_Ncore=2_seed1=351_seed2=375.sh
spin2_L512_Jdis150_Dim016_B40_BC=PBC_Ncore=2_seed1=376_seed2=400.sh
spin2_L512_Jdis150_Dim016_B40_BC=PBC_Ncore=2_seed1=401_seed2=425.sh
spin2_L512_Jdis150_Dim016_B40_BC=PBC_Ncore=2_seed1=426_seed2=450.sh
spin2_L512_Jdis150_Dim016_B40_BC=PBC_Ncore=2_seed1=451_seed2=475.sh
spin2_L512_Jdis150_Dim016_B40_BC=PBC_Ncore=2_seed1=476_seed2=500.sh
spin2_L512_Jdis150_Dim016_B40_BC=PBC_Ncore=2_seed1=501_seed2=525.sh
spin2_L512_Jdis150_Dim016_B40_BC=PBC_Ncore=2_seed1=526_seed2=550.sh
spin2_L512_Jdis150_Dim016_B40_BC=PBC_Ncore=2_seed1=551_seed2=575.sh
spin2_L512_Jdis150_Dim016_B40_BC=PBC_Ncore=2_seed1=576_seed2=600.sh
spin2_L512_Jdis150_Dim016_B40_BC=PBC_Ncore=2_seed1=601_seed2=625.sh
spin2_L512_Jdis150_Dim016_B40_BC=PBC_Ncore=2_seed1=626_seed2=650.sh
spin2_L512_Jdis150_Dim016_B40_BC=PBC_Ncore=2_seed1=651_seed2=675.sh
spin2_L512_Jdis150_Dim016_B40_BC=PBC_Ncore=2_seed1=676_seed2=700.sh
spin2_L512_Jdis150_Dim016_B40_BC=PBC_Ncore=2_seed1=701_seed2=725.sh
spin2_L512_Jdis150_Dim016_B40_BC=PBC_Ncore=2_seed1=726_seed2=750.sh
spin2_L512_Jdis150_Dim016_B40_BC=PBC_Ncore=2_seed1=751_seed2=775.sh
spin2_L512_Jdis150_Dim016_B40_BC=PBC_Ncore=2_seed1=776_seed2=800.sh
spin2_L512_Jdis150_Dim016_B40_BC=PBC_Ncore=2_seed1=801_seed2=825.sh
spin2_L512_Jdis150_Dim016_B40_BC=PBC_Ncore=2_seed1=826_seed2=850.sh
spin2_L512_Jdis150_Dim016_B40_BC=PBC_Ncore=2_seed1=851_seed2=875.sh
spin2_L512_Jdis150_Dim016_B40_BC=PBC_Ncore=2_seed1=876_seed2=900.sh
spin2_L512_Jdis150_Dim016_B40_BC=PBC_Ncore=2_seed1=901_seed2=925.sh
spin2_L512_Jdis150_Dim016_B40_BC=PBC_Ncore=2_seed1=926_seed2=950.sh
spin2_L512_Jdis150_Dim016_B40_BC=PBC_Ncore=2_seed1=951_seed2=975.sh
spin2_L512_Jdis150_Dim016_B40_BC=PBC_Ncore=2_seed1=976_seed2=1000.sh
spin2_L512_Jdis150_Dim016_B40_BC=PBC_Ncore=2_seed1=1001_seed2=1025.sh
spin2_L512_Jdis150_Dim016_B40_BC=PBC_Ncore=2_seed1=1026_seed2=1050.sh
spin2_L512_Jdis150_Dim016_B40_BC=PBC_Ncore=2_seed1=1051_seed2=1075.sh
spin2_L512_Jdis150_Dim016_B40_BC=PBC_Ncore=2_seed1=1076_seed2=1100.sh
spin2_L512_Jdis150_Dim016_B40_BC=PBC_Ncore=2_seed1=1101_seed2=1125.sh
spin2_L512_Jdis150_Dim016_B40_BC=PBC_Ncore=2_seed1=1126_seed2=1150.sh
spin2_L512_Jdis150_Dim016_B40_BC=PBC_Ncore=2_seed1=1151_seed2=1175.sh
spin2_L512_Jdis150_Dim016_B40_BC=PBC_Ncore=2_seed1=1176_seed2=1200.sh
spin2_L512_Jdis150_Dim016_B40_BC=PBC_Ncore=2_seed1=1201_seed2=1225.sh
spin2_L512_Jdis150_Dim016_B40_BC=PBC_Ncore=2_seed1=1226_seed2=1250.sh
spin2_L512_Jdis150_Dim016_B40_BC=PBC_Ncore=2_seed1=1251_seed2=1275.sh
spin2_L512_Jdis150_Dim016_B40_BC=PBC_Ncore=2_seed1=1276_seed2=1300.sh
spin2_L512_Jdis150_Dim016_B40_BC=PBC_Ncore=2_seed1=1301_seed2=1325.sh
spin2_L512_Jdis150_Dim016_B40_BC=PBC_Ncore=2_seed1=1326_seed2=1350.sh
spin2_L512_Jdis150_Dim016_B40_BC=PBC_Ncore=2_seed1=1351_seed2=1375.sh
spin2_L512_Jdis150_Dim016_B40_BC=PBC_Ncore=2_seed1=1376_seed2=1400.sh
spin2_L512_Jdis150_Dim016_B40_BC=PBC_Ncore=2_seed1=1401_seed2=1425.sh
spin2_L512_Jdis150_Dim016_B40_BC=PBC_Ncore=2_seed1=1426_seed2=1450.sh
spin2_L512_Jdis150_Dim016_B40_BC=PBC_Ncore=2_seed1=1451_seed2=1475.sh
spin2_L512_Jdis150_Dim016_B40_BC=PBC_Ncore=2_seed1=1476_seed2=1500.sh
spin2_L512_Jdis150_Dim016_B40_BC=PBC_Ncore=2_seed1=1501_seed2=1525.sh
spin2_L512_Jdis150_Dim016_B40_BC=PBC_Ncore=2_seed1=1526_seed2=1550.sh
spin2_L512_Jdis150_Dim016_B40_BC=PBC_Ncore=2_seed1=1551_seed2=1575.sh
spin2_L512_Jdis150_Dim016_B40_BC=PBC_Ncore=2_seed1=1576_seed2=1600.sh
spin2_L512_Jdis150_Dim016_B40_BC=PBC_Ncore=2_seed1=1601_seed2=1625.sh
spin2_L512_Jdis150_Dim016_B40_BC=PBC_Ncore=2_seed1=1626_seed2=1650.sh
spin2_L512_Jdis150_Dim016_B40_BC=PBC_Ncore=2_seed1=1651_seed2=1675.sh
spin2_L512_Jdis150_Dim016_B40_BC=PBC_Ncore=2_seed1=1676_seed2=1700.sh
spin2_L512_Jdis150_Dim016_B40_BC=PBC_Ncore=2_seed1=1701_seed2=1725.sh
spin2_L512_Jdis150_Dim016_B40_BC=PBC_Ncore=2_seed1=1726_seed2=1750.sh
spin2_L512_Jdis150_Dim016_B40_BC=PBC_Ncore=2_seed1=1751_seed2=1775.sh
spin2_L512_Jdis150_Dim016_B40_BC=PBC_Ncore=2_seed1=1776_seed2=1800.sh
spin2_L512_Jdis150_Dim016_B40_BC=PBC_Ncore=2_seed1=1801_seed2=1825.sh
spin2_L512_Jdis150_Dim016_B40_BC=PBC_Ncore=2_seed1=1826_seed2=1850.sh
spin2_L512_Jdis150_Dim016_B40_BC=PBC_Ncore=2_seed1=1851_seed2=1875.sh
spin2_L512_Jdis150_Dim016_B40_BC=PBC_Ncore=2_seed1=1876_seed2=1900.sh
spin2_L512_Jdis150_Dim016_B40_BC=PBC_Ncore=2_seed1=1901_seed2=1925.sh
spin2_L512_Jdis150_Dim016_B40_BC=PBC_Ncore=2_seed1=1926_seed2=1950.sh
spin2_L512_Jdis150_Dim016_B40_BC=PBC_Ncore=2_seed1=1951_seed2=1975.sh
spin2_L512_Jdis150_Dim016_B40_BC=PBC_Ncore=2_seed1=1976_seed2=2000.sh
---------------Dim017---------------
numOfinterval=80
spin2_L512_Jdis150_Dim017_B40_BC=PBC_Ncore=2_seed1=1_seed2=25.sh
spin2_L512_Jdis150_Dim017_B40_BC=PBC_Ncore=2_seed1=26_seed2=50.sh
spin2_L512_Jdis150_Dim017_B40_BC=PBC_Ncore=2_seed1=51_seed2=75.sh
spin2_L512_Jdis150_Dim017_B40_BC=PBC_Ncore=2_seed1=76_seed2=100.sh
spin2_L512_Jdis150_Dim017_B40_BC=PBC_Ncore=2_seed1=101_seed2=125.sh
spin2_L512_Jdis150_Dim017_B40_BC=PBC_Ncore=2_seed1=126_seed2=150.sh
spin2_L512_Jdis150_Dim017_B40_BC=PBC_Ncore=2_seed1=151_seed2=175.sh
spin2_L512_Jdis150_Dim017_B40_BC=PBC_Ncore=2_seed1=176_seed2=200.sh
spin2_L512_Jdis150_Dim017_B40_BC=PBC_Ncore=2_seed1=201_seed2=225.sh
spin2_L512_Jdis150_Dim017_B40_BC=PBC_Ncore=2_seed1=226_seed2=250.sh
spin2_L512_Jdis150_Dim017_B40_BC=PBC_Ncore=2_seed1=251_seed2=275.sh
spin2_L512_Jdis150_Dim017_B40_BC=PBC_Ncore=2_seed1=276_seed2=300.sh
spin2_L512_Jdis150_Dim017_B40_BC=PBC_Ncore=2_seed1=301_seed2=325.sh
spin2_L512_Jdis150_Dim017_B40_BC=PBC_Ncore=2_seed1=326_seed2=350.sh
spin2_L512_Jdis150_Dim017_B40_BC=PBC_Ncore=2_seed1=351_seed2=375.sh
spin2_L512_Jdis150_Dim017_B40_BC=PBC_Ncore=2_seed1=376_seed2=400.sh
spin2_L512_Jdis150_Dim017_B40_BC=PBC_Ncore=2_seed1=401_seed2=425.sh
spin2_L512_Jdis150_Dim017_B40_BC=PBC_Ncore=2_seed1=426_seed2=450.sh
spin2_L512_Jdis150_Dim017_B40_BC=PBC_Ncore=2_seed1=451_seed2=475.sh
spin2_L512_Jdis150_Dim017_B40_BC=PBC_Ncore=2_seed1=476_seed2=500.sh
spin2_L512_Jdis150_Dim017_B40_BC=PBC_Ncore=2_seed1=501_seed2=525.sh
spin2_L512_Jdis150_Dim017_B40_BC=PBC_Ncore=2_seed1=526_seed2=550.sh
spin2_L512_Jdis150_Dim017_B40_BC=PBC_Ncore=2_seed1=551_seed2=575.sh
spin2_L512_Jdis150_Dim017_B40_BC=PBC_Ncore=2_seed1=576_seed2=600.sh
spin2_L512_Jdis150_Dim017_B40_BC=PBC_Ncore=2_seed1=601_seed2=625.sh
spin2_L512_Jdis150_Dim017_B40_BC=PBC_Ncore=2_seed1=626_seed2=650.sh
spin2_L512_Jdis150_Dim017_B40_BC=PBC_Ncore=2_seed1=651_seed2=675.sh
spin2_L512_Jdis150_Dim017_B40_BC=PBC_Ncore=2_seed1=676_seed2=700.sh
spin2_L512_Jdis150_Dim017_B40_BC=PBC_Ncore=2_seed1=701_seed2=725.sh
spin2_L512_Jdis150_Dim017_B40_BC=PBC_Ncore=2_seed1=726_seed2=750.sh
spin2_L512_Jdis150_Dim017_B40_BC=PBC_Ncore=2_seed1=751_seed2=775.sh
spin2_L512_Jdis150_Dim017_B40_BC=PBC_Ncore=2_seed1=776_seed2=800.sh
spin2_L512_Jdis150_Dim017_B40_BC=PBC_Ncore=2_seed1=801_seed2=825.sh
spin2_L512_Jdis150_Dim017_B40_BC=PBC_Ncore=2_seed1=826_seed2=850.sh
spin2_L512_Jdis150_Dim017_B40_BC=PBC_Ncore=2_seed1=851_seed2=875.sh
spin2_L512_Jdis150_Dim017_B40_BC=PBC_Ncore=2_seed1=876_seed2=900.sh
spin2_L512_Jdis150_Dim017_B40_BC=PBC_Ncore=2_seed1=901_seed2=925.sh
spin2_L512_Jdis150_Dim017_B40_BC=PBC_Ncore=2_seed1=926_seed2=950.sh
spin2_L512_Jdis150_Dim017_B40_BC=PBC_Ncore=2_seed1=951_seed2=975.sh
spin2_L512_Jdis150_Dim017_B40_BC=PBC_Ncore=2_seed1=976_seed2=1000.sh
spin2_L512_Jdis150_Dim017_B40_BC=PBC_Ncore=2_seed1=1001_seed2=1025.sh
spin2_L512_Jdis150_Dim017_B40_BC=PBC_Ncore=2_seed1=1026_seed2=1050.sh
spin2_L512_Jdis150_Dim017_B40_BC=PBC_Ncore=2_seed1=1051_seed2=1075.sh
spin2_L512_Jdis150_Dim017_B40_BC=PBC_Ncore=2_seed1=1076_seed2=1100.sh
spin2_L512_Jdis150_Dim017_B40_BC=PBC_Ncore=2_seed1=1101_seed2=1125.sh
spin2_L512_Jdis150_Dim017_B40_BC=PBC_Ncore=2_seed1=1126_seed2=1150.sh
spin2_L512_Jdis150_Dim017_B40_BC=PBC_Ncore=2_seed1=1151_seed2=1175.sh
spin2_L512_Jdis150_Dim017_B40_BC=PBC_Ncore=2_seed1=1176_seed2=1200.sh
spin2_L512_Jdis150_Dim017_B40_BC=PBC_Ncore=2_seed1=1201_seed2=1225.sh
spin2_L512_Jdis150_Dim017_B40_BC=PBC_Ncore=2_seed1=1226_seed2=1250.sh
spin2_L512_Jdis150_Dim017_B40_BC=PBC_Ncore=2_seed1=1251_seed2=1275.sh
spin2_L512_Jdis150_Dim017_B40_BC=PBC_Ncore=2_seed1=1276_seed2=1300.sh
spin2_L512_Jdis150_Dim017_B40_BC=PBC_Ncore=2_seed1=1301_seed2=1325.sh
spin2_L512_Jdis150_Dim017_B40_BC=PBC_Ncore=2_seed1=1326_seed2=1350.sh
spin2_L512_Jdis150_Dim017_B40_BC=PBC_Ncore=2_seed1=1351_seed2=1375.sh
spin2_L512_Jdis150_Dim017_B40_BC=PBC_Ncore=2_seed1=1376_seed2=1400.sh
spin2_L512_Jdis150_Dim017_B40_BC=PBC_Ncore=2_seed1=1401_seed2=1425.sh
spin2_L512_Jdis150_Dim017_B40_BC=PBC_Ncore=2_seed1=1426_seed2=1450.sh
spin2_L512_Jdis150_Dim017_B40_BC=PBC_Ncore=2_seed1=1451_seed2=1475.sh
spin2_L512_Jdis150_Dim017_B40_BC=PBC_Ncore=2_seed1=1476_seed2=1500.sh
spin2_L512_Jdis150_Dim017_B40_BC=PBC_Ncore=2_seed1=1501_seed2=1525.sh
spin2_L512_Jdis150_Dim017_B40_BC=PBC_Ncore=2_seed1=1526_seed2=1550.sh
spin2_L512_Jdis150_Dim017_B40_BC=PBC_Ncore=2_seed1=1551_seed2=1575.sh
spin2_L512_Jdis150_Dim017_B40_BC=PBC_Ncore=2_seed1=1576_seed2=1600.sh
spin2_L512_Jdis150_Dim017_B40_BC=PBC_Ncore=2_seed1=1601_seed2=1625.sh
spin2_L512_Jdis150_Dim017_B40_BC=PBC_Ncore=2_seed1=1626_seed2=1650.sh
spin2_L512_Jdis150_Dim017_B40_BC=PBC_Ncore=2_seed1=1651_seed2=1675.sh
spin2_L512_Jdis150_Dim017_B40_BC=PBC_Ncore=2_seed1=1676_seed2=1700.sh
spin2_L512_Jdis150_Dim017_B40_BC=PBC_Ncore=2_seed1=1701_seed2=1725.sh
spin2_L512_Jdis150_Dim017_B40_BC=PBC_Ncore=2_seed1=1726_seed2=1750.sh
spin2_L512_Jdis150_Dim017_B40_BC=PBC_Ncore=2_seed1=1751_seed2=1775.sh
spin2_L512_Jdis150_Dim017_B40_BC=PBC_Ncore=2_seed1=1776_seed2=1800.sh
spin2_L512_Jdis150_Dim017_B40_BC=PBC_Ncore=2_seed1=1801_seed2=1825.sh
spin2_L512_Jdis150_Dim017_B40_BC=PBC_Ncore=2_seed1=1826_seed2=1850.sh
spin2_L512_Jdis150_Dim017_B40_BC=PBC_Ncore=2_seed1=1851_seed2=1875.sh
spin2_L512_Jdis150_Dim017_B40_BC=PBC_Ncore=2_seed1=1876_seed2=1900.sh
spin2_L512_Jdis150_Dim017_B40_BC=PBC_Ncore=2_seed1=1901_seed2=1925.sh
spin2_L512_Jdis150_Dim017_B40_BC=PBC_Ncore=2_seed1=1926_seed2=1950.sh
spin2_L512_Jdis150_Dim017_B40_BC=PBC_Ncore=2_seed1=1951_seed2=1975.sh
spin2_L512_Jdis150_Dim017_B40_BC=PBC_Ncore=2_seed1=1976_seed2=2000.sh
Tue Jan  3 23:31:43 CST 2023
Spin         ==> 2
chi        ==> 10
bonDim        ==> 40
L1        ==> 512
L2        ==> 512
space_L        ==> 0
J1        ==> 1.3
J2        ==> 1.5
space_J        ==> 0.05
D1        ==> 0.15
D2        ==> 0.15
space_D        ==> 0
seed1        ==> 1
seed2        ==> 2000
deltaSeed        ==> 25
BC        ==> PBC
Ncore        ==> 2
Spin=2
chi=10
bonDim=40
L1=512
L2=512
space_L=0
J1=1.300
J2=1.500
space_J=.050
D1=.150
D2=.150
space_D=0
s1=1
s2=2000
sInterval=25
BC=PBC
Ncore=2
2023_01_03/
/home/aronton/tSDRG_project/tSDRG/Main_2/rm_submit/
/home/aronton/tSDRG_project/tSDRG/Main_2/rm_submit/2023_01_03/
ooooooooooL_L=512_oooooooooo
xxxxxxxxxxxxxxx_Jdis130_xxxxxxxxxxxxxxx
---------------Dim015---------------
numOfinterval=80
spin2_L512_Jdis130_Dim015_B40_BC=PBC_Ncore=2_seed1=1_seed2=25.sh
spin2_L512_Jdis130_Dim015_B40_BC=PBC_Ncore=2_seed1=26_seed2=50.sh
spin2_L512_Jdis130_Dim015_B40_BC=PBC_Ncore=2_seed1=51_seed2=75.sh
spin2_L512_Jdis130_Dim015_B40_BC=PBC_Ncore=2_seed1=76_seed2=100.sh
spin2_L512_Jdis130_Dim015_B40_BC=PBC_Ncore=2_seed1=101_seed2=125.sh
spin2_L512_Jdis130_Dim015_B40_BC=PBC_Ncore=2_seed1=126_seed2=150.sh
spin2_L512_Jdis130_Dim015_B40_BC=PBC_Ncore=2_seed1=151_seed2=175.sh
spin2_L512_Jdis130_Dim015_B40_BC=PBC_Ncore=2_seed1=176_seed2=200.sh
spin2_L512_Jdis130_Dim015_B40_BC=PBC_Ncore=2_seed1=201_seed2=225.sh
spin2_L512_Jdis130_Dim015_B40_BC=PBC_Ncore=2_seed1=226_seed2=250.sh
spin2_L512_Jdis130_Dim015_B40_BC=PBC_Ncore=2_seed1=251_seed2=275.sh
spin2_L512_Jdis130_Dim015_B40_BC=PBC_Ncore=2_seed1=276_seed2=300.sh
spin2_L512_Jdis130_Dim015_B40_BC=PBC_Ncore=2_seed1=301_seed2=325.sh
spin2_L512_Jdis130_Dim015_B40_BC=PBC_Ncore=2_seed1=326_seed2=350.sh
spin2_L512_Jdis130_Dim015_B40_BC=PBC_Ncore=2_seed1=351_seed2=375.sh
spin2_L512_Jdis130_Dim015_B40_BC=PBC_Ncore=2_seed1=376_seed2=400.sh
spin2_L512_Jdis130_Dim015_B40_BC=PBC_Ncore=2_seed1=401_seed2=425.sh
spin2_L512_Jdis130_Dim015_B40_BC=PBC_Ncore=2_seed1=426_seed2=450.sh
spin2_L512_Jdis130_Dim015_B40_BC=PBC_Ncore=2_seed1=451_seed2=475.sh
spin2_L512_Jdis130_Dim015_B40_BC=PBC_Ncore=2_seed1=476_seed2=500.sh
spin2_L512_Jdis130_Dim015_B40_BC=PBC_Ncore=2_seed1=501_seed2=525.sh
spin2_L512_Jdis130_Dim015_B40_BC=PBC_Ncore=2_seed1=526_seed2=550.sh
spin2_L512_Jdis130_Dim015_B40_BC=PBC_Ncore=2_seed1=551_seed2=575.sh
spin2_L512_Jdis130_Dim015_B40_BC=PBC_Ncore=2_seed1=576_seed2=600.sh
spin2_L512_Jdis130_Dim015_B40_BC=PBC_Ncore=2_seed1=601_seed2=625.sh
spin2_L512_Jdis130_Dim015_B40_BC=PBC_Ncore=2_seed1=626_seed2=650.sh
spin2_L512_Jdis130_Dim015_B40_BC=PBC_Ncore=2_seed1=651_seed2=675.sh
spin2_L512_Jdis130_Dim015_B40_BC=PBC_Ncore=2_seed1=676_seed2=700.sh
spin2_L512_Jdis130_Dim015_B40_BC=PBC_Ncore=2_seed1=701_seed2=725.sh
spin2_L512_Jdis130_Dim015_B40_BC=PBC_Ncore=2_seed1=726_seed2=750.sh
spin2_L512_Jdis130_Dim015_B40_BC=PBC_Ncore=2_seed1=751_seed2=775.sh
spin2_L512_Jdis130_Dim015_B40_BC=PBC_Ncore=2_seed1=776_seed2=800.sh
spin2_L512_Jdis130_Dim015_B40_BC=PBC_Ncore=2_seed1=801_seed2=825.sh
spin2_L512_Jdis130_Dim015_B40_BC=PBC_Ncore=2_seed1=826_seed2=850.sh
spin2_L512_Jdis130_Dim015_B40_BC=PBC_Ncore=2_seed1=851_seed2=875.sh
spin2_L512_Jdis130_Dim015_B40_BC=PBC_Ncore=2_seed1=876_seed2=900.sh
spin2_L512_Jdis130_Dim015_B40_BC=PBC_Ncore=2_seed1=901_seed2=925.sh
spin2_L512_Jdis130_Dim015_B40_BC=PBC_Ncore=2_seed1=926_seed2=950.sh
spin2_L512_Jdis130_Dim015_B40_BC=PBC_Ncore=2_seed1=951_seed2=975.sh
spin2_L512_Jdis130_Dim015_B40_BC=PBC_Ncore=2_seed1=976_seed2=1000.sh
spin2_L512_Jdis130_Dim015_B40_BC=PBC_Ncore=2_seed1=1001_seed2=1025.sh
spin2_L512_Jdis130_Dim015_B40_BC=PBC_Ncore=2_seed1=1026_seed2=1050.sh
spin2_L512_Jdis130_Dim015_B40_BC=PBC_Ncore=2_seed1=1051_seed2=1075.sh
spin2_L512_Jdis130_Dim015_B40_BC=PBC_Ncore=2_seed1=1076_seed2=1100.sh
spin2_L512_Jdis130_Dim015_B40_BC=PBC_Ncore=2_seed1=1101_seed2=1125.sh
spin2_L512_Jdis130_Dim015_B40_BC=PBC_Ncore=2_seed1=1126_seed2=1150.sh
spin2_L512_Jdis130_Dim015_B40_BC=PBC_Ncore=2_seed1=1151_seed2=1175.sh
spin2_L512_Jdis130_Dim015_B40_BC=PBC_Ncore=2_seed1=1176_seed2=1200.sh
spin2_L512_Jdis130_Dim015_B40_BC=PBC_Ncore=2_seed1=1201_seed2=1225.sh
spin2_L512_Jdis130_Dim015_B40_BC=PBC_Ncore=2_seed1=1226_seed2=1250.sh
spin2_L512_Jdis130_Dim015_B40_BC=PBC_Ncore=2_seed1=1251_seed2=1275.sh
spin2_L512_Jdis130_Dim015_B40_BC=PBC_Ncore=2_seed1=1276_seed2=1300.sh
spin2_L512_Jdis130_Dim015_B40_BC=PBC_Ncore=2_seed1=1301_seed2=1325.sh
spin2_L512_Jdis130_Dim015_B40_BC=PBC_Ncore=2_seed1=1326_seed2=1350.sh
spin2_L512_Jdis130_Dim015_B40_BC=PBC_Ncore=2_seed1=1351_seed2=1375.sh
spin2_L512_Jdis130_Dim015_B40_BC=PBC_Ncore=2_seed1=1376_seed2=1400.sh
spin2_L512_Jdis130_Dim015_B40_BC=PBC_Ncore=2_seed1=1401_seed2=1425.sh
spin2_L512_Jdis130_Dim015_B40_BC=PBC_Ncore=2_seed1=1426_seed2=1450.sh
spin2_L512_Jdis130_Dim015_B40_BC=PBC_Ncore=2_seed1=1451_seed2=1475.sh
spin2_L512_Jdis130_Dim015_B40_BC=PBC_Ncore=2_seed1=1476_seed2=1500.sh
spin2_L512_Jdis130_Dim015_B40_BC=PBC_Ncore=2_seed1=1501_seed2=1525.sh
spin2_L512_Jdis130_Dim015_B40_BC=PBC_Ncore=2_seed1=1526_seed2=1550.sh
spin2_L512_Jdis130_Dim015_B40_BC=PBC_Ncore=2_seed1=1551_seed2=1575.sh
spin2_L512_Jdis130_Dim015_B40_BC=PBC_Ncore=2_seed1=1576_seed2=1600.sh
spin2_L512_Jdis130_Dim015_B40_BC=PBC_Ncore=2_seed1=1601_seed2=1625.sh
spin2_L512_Jdis130_Dim015_B40_BC=PBC_Ncore=2_seed1=1626_seed2=1650.sh
spin2_L512_Jdis130_Dim015_B40_BC=PBC_Ncore=2_seed1=1651_seed2=1675.sh
spin2_L512_Jdis130_Dim015_B40_BC=PBC_Ncore=2_seed1=1676_seed2=1700.sh
spin2_L512_Jdis130_Dim015_B40_BC=PBC_Ncore=2_seed1=1701_seed2=1725.sh
spin2_L512_Jdis130_Dim015_B40_BC=PBC_Ncore=2_seed1=1726_seed2=1750.sh
spin2_L512_Jdis130_Dim015_B40_BC=PBC_Ncore=2_seed1=1751_seed2=1775.sh
spin2_L512_Jdis130_Dim015_B40_BC=PBC_Ncore=2_seed1=1776_seed2=1800.sh
spin2_L512_Jdis130_Dim015_B40_BC=PBC_Ncore=2_seed1=1801_seed2=1825.sh
spin2_L512_Jdis130_Dim015_B40_BC=PBC_Ncore=2_seed1=1826_seed2=1850.sh
spin2_L512_Jdis130_Dim015_B40_BC=PBC_Ncore=2_seed1=1851_seed2=1875.sh
spin2_L512_Jdis130_Dim015_B40_BC=PBC_Ncore=2_seed1=1876_seed2=1900.sh
spin2_L512_Jdis130_Dim015_B40_BC=PBC_Ncore=2_seed1=1901_seed2=1925.sh
spin2_L512_Jdis130_Dim015_B40_BC=PBC_Ncore=2_seed1=1926_seed2=1950.sh
spin2_L512_Jdis130_Dim015_B40_BC=PBC_Ncore=2_seed1=1951_seed2=1975.sh
spin2_L512_Jdis130_Dim015_B40_BC=PBC_Ncore=2_seed1=1976_seed2=2000.sh
xxxxxxxxxxxxxxx_Jdis135_xxxxxxxxxxxxxxx
---------------Dim015---------------
numOfinterval=80
spin2_L512_Jdis135_Dim015_B40_BC=PBC_Ncore=2_seed1=1_seed2=25.sh
spin2_L512_Jdis135_Dim015_B40_BC=PBC_Ncore=2_seed1=26_seed2=50.sh
spin2_L512_Jdis135_Dim015_B40_BC=PBC_Ncore=2_seed1=51_seed2=75.sh
spin2_L512_Jdis135_Dim015_B40_BC=PBC_Ncore=2_seed1=76_seed2=100.sh
spin2_L512_Jdis135_Dim015_B40_BC=PBC_Ncore=2_seed1=101_seed2=125.sh
spin2_L512_Jdis135_Dim015_B40_BC=PBC_Ncore=2_seed1=126_seed2=150.sh
spin2_L512_Jdis135_Dim015_B40_BC=PBC_Ncore=2_seed1=151_seed2=175.sh
spin2_L512_Jdis135_Dim015_B40_BC=PBC_Ncore=2_seed1=176_seed2=200.sh
spin2_L512_Jdis135_Dim015_B40_BC=PBC_Ncore=2_seed1=201_seed2=225.sh
spin2_L512_Jdis135_Dim015_B40_BC=PBC_Ncore=2_seed1=226_seed2=250.sh
spin2_L512_Jdis135_Dim015_B40_BC=PBC_Ncore=2_seed1=251_seed2=275.sh
spin2_L512_Jdis135_Dim015_B40_BC=PBC_Ncore=2_seed1=276_seed2=300.sh
spin2_L512_Jdis135_Dim015_B40_BC=PBC_Ncore=2_seed1=301_seed2=325.sh
spin2_L512_Jdis135_Dim015_B40_BC=PBC_Ncore=2_seed1=326_seed2=350.sh
spin2_L512_Jdis135_Dim015_B40_BC=PBC_Ncore=2_seed1=351_seed2=375.sh
spin2_L512_Jdis135_Dim015_B40_BC=PBC_Ncore=2_seed1=376_seed2=400.sh
spin2_L512_Jdis135_Dim015_B40_BC=PBC_Ncore=2_seed1=401_seed2=425.sh
spin2_L512_Jdis135_Dim015_B40_BC=PBC_Ncore=2_seed1=426_seed2=450.sh
spin2_L512_Jdis135_Dim015_B40_BC=PBC_Ncore=2_seed1=451_seed2=475.sh
spin2_L512_Jdis135_Dim015_B40_BC=PBC_Ncore=2_seed1=476_seed2=500.sh
spin2_L512_Jdis135_Dim015_B40_BC=PBC_Ncore=2_seed1=501_seed2=525.sh
spin2_L512_Jdis135_Dim015_B40_BC=PBC_Ncore=2_seed1=526_seed2=550.sh
spin2_L512_Jdis135_Dim015_B40_BC=PBC_Ncore=2_seed1=551_seed2=575.sh
spin2_L512_Jdis135_Dim015_B40_BC=PBC_Ncore=2_seed1=576_seed2=600.sh
spin2_L512_Jdis135_Dim015_B40_BC=PBC_Ncore=2_seed1=601_seed2=625.sh
spin2_L512_Jdis135_Dim015_B40_BC=PBC_Ncore=2_seed1=626_seed2=650.sh
spin2_L512_Jdis135_Dim015_B40_BC=PBC_Ncore=2_seed1=651_seed2=675.sh
spin2_L512_Jdis135_Dim015_B40_BC=PBC_Ncore=2_seed1=676_seed2=700.sh
spin2_L512_Jdis135_Dim015_B40_BC=PBC_Ncore=2_seed1=701_seed2=725.sh
spin2_L512_Jdis135_Dim015_B40_BC=PBC_Ncore=2_seed1=726_seed2=750.sh
spin2_L512_Jdis135_Dim015_B40_BC=PBC_Ncore=2_seed1=751_seed2=775.sh
spin2_L512_Jdis135_Dim015_B40_BC=PBC_Ncore=2_seed1=776_seed2=800.sh
spin2_L512_Jdis135_Dim015_B40_BC=PBC_Ncore=2_seed1=801_seed2=825.sh
spin2_L512_Jdis135_Dim015_B40_BC=PBC_Ncore=2_seed1=826_seed2=850.sh
spin2_L512_Jdis135_Dim015_B40_BC=PBC_Ncore=2_seed1=851_seed2=875.sh
spin2_L512_Jdis135_Dim015_B40_BC=PBC_Ncore=2_seed1=876_seed2=900.sh
spin2_L512_Jdis135_Dim015_B40_BC=PBC_Ncore=2_seed1=901_seed2=925.sh
spin2_L512_Jdis135_Dim015_B40_BC=PBC_Ncore=2_seed1=926_seed2=950.sh
spin2_L512_Jdis135_Dim015_B40_BC=PBC_Ncore=2_seed1=951_seed2=975.sh
spin2_L512_Jdis135_Dim015_B40_BC=PBC_Ncore=2_seed1=976_seed2=1000.sh
spin2_L512_Jdis135_Dim015_B40_BC=PBC_Ncore=2_seed1=1001_seed2=1025.sh
spin2_L512_Jdis135_Dim015_B40_BC=PBC_Ncore=2_seed1=1026_seed2=1050.sh
spin2_L512_Jdis135_Dim015_B40_BC=PBC_Ncore=2_seed1=1051_seed2=1075.sh
spin2_L512_Jdis135_Dim015_B40_BC=PBC_Ncore=2_seed1=1076_seed2=1100.sh
spin2_L512_Jdis135_Dim015_B40_BC=PBC_Ncore=2_seed1=1101_seed2=1125.sh
spin2_L512_Jdis135_Dim015_B40_BC=PBC_Ncore=2_seed1=1126_seed2=1150.sh
spin2_L512_Jdis135_Dim015_B40_BC=PBC_Ncore=2_seed1=1151_seed2=1175.sh
spin2_L512_Jdis135_Dim015_B40_BC=PBC_Ncore=2_seed1=1176_seed2=1200.sh
spin2_L512_Jdis135_Dim015_B40_BC=PBC_Ncore=2_seed1=1201_seed2=1225.sh
spin2_L512_Jdis135_Dim015_B40_BC=PBC_Ncore=2_seed1=1226_seed2=1250.sh
spin2_L512_Jdis135_Dim015_B40_BC=PBC_Ncore=2_seed1=1251_seed2=1275.sh
spin2_L512_Jdis135_Dim015_B40_BC=PBC_Ncore=2_seed1=1276_seed2=1300.sh
spin2_L512_Jdis135_Dim015_B40_BC=PBC_Ncore=2_seed1=1301_seed2=1325.sh
spin2_L512_Jdis135_Dim015_B40_BC=PBC_Ncore=2_seed1=1326_seed2=1350.sh
spin2_L512_Jdis135_Dim015_B40_BC=PBC_Ncore=2_seed1=1351_seed2=1375.sh
spin2_L512_Jdis135_Dim015_B40_BC=PBC_Ncore=2_seed1=1376_seed2=1400.sh
spin2_L512_Jdis135_Dim015_B40_BC=PBC_Ncore=2_seed1=1401_seed2=1425.sh
spin2_L512_Jdis135_Dim015_B40_BC=PBC_Ncore=2_seed1=1426_seed2=1450.sh
spin2_L512_Jdis135_Dim015_B40_BC=PBC_Ncore=2_seed1=1451_seed2=1475.sh
spin2_L512_Jdis135_Dim015_B40_BC=PBC_Ncore=2_seed1=1476_seed2=1500.sh
spin2_L512_Jdis135_Dim015_B40_BC=PBC_Ncore=2_seed1=1501_seed2=1525.sh
spin2_L512_Jdis135_Dim015_B40_BC=PBC_Ncore=2_seed1=1526_seed2=1550.sh
spin2_L512_Jdis135_Dim015_B40_BC=PBC_Ncore=2_seed1=1551_seed2=1575.sh
spin2_L512_Jdis135_Dim015_B40_BC=PBC_Ncore=2_seed1=1576_seed2=1600.sh
spin2_L512_Jdis135_Dim015_B40_BC=PBC_Ncore=2_seed1=1601_seed2=1625.sh
spin2_L512_Jdis135_Dim015_B40_BC=PBC_Ncore=2_seed1=1626_seed2=1650.sh
spin2_L512_Jdis135_Dim015_B40_BC=PBC_Ncore=2_seed1=1651_seed2=1675.sh
spin2_L512_Jdis135_Dim015_B40_BC=PBC_Ncore=2_seed1=1676_seed2=1700.sh
spin2_L512_Jdis135_Dim015_B40_BC=PBC_Ncore=2_seed1=1701_seed2=1725.sh
spin2_L512_Jdis135_Dim015_B40_BC=PBC_Ncore=2_seed1=1726_seed2=1750.sh
spin2_L512_Jdis135_Dim015_B40_BC=PBC_Ncore=2_seed1=1751_seed2=1775.sh
spin2_L512_Jdis135_Dim015_B40_BC=PBC_Ncore=2_seed1=1776_seed2=1800.sh
spin2_L512_Jdis135_Dim015_B40_BC=PBC_Ncore=2_seed1=1801_seed2=1825.sh
spin2_L512_Jdis135_Dim015_B40_BC=PBC_Ncore=2_seed1=1826_seed2=1850.sh
spin2_L512_Jdis135_Dim015_B40_BC=PBC_Ncore=2_seed1=1851_seed2=1875.sh
spin2_L512_Jdis135_Dim015_B40_BC=PBC_Ncore=2_seed1=1876_seed2=1900.sh
spin2_L512_Jdis135_Dim015_B40_BC=PBC_Ncore=2_seed1=1901_seed2=1925.sh
spin2_L512_Jdis135_Dim015_B40_BC=PBC_Ncore=2_seed1=1926_seed2=1950.sh
spin2_L512_Jdis135_Dim015_B40_BC=PBC_Ncore=2_seed1=1951_seed2=1975.sh
spin2_L512_Jdis135_Dim015_B40_BC=PBC_Ncore=2_seed1=1976_seed2=2000.sh
xxxxxxxxxxxxxxx_Jdis140_xxxxxxxxxxxxxxx
---------------Dim015---------------
numOfinterval=80
spin2_L512_Jdis140_Dim015_B40_BC=PBC_Ncore=2_seed1=1_seed2=25.sh
spin2_L512_Jdis140_Dim015_B40_BC=PBC_Ncore=2_seed1=26_seed2=50.sh
spin2_L512_Jdis140_Dim015_B40_BC=PBC_Ncore=2_seed1=51_seed2=75.sh
spin2_L512_Jdis140_Dim015_B40_BC=PBC_Ncore=2_seed1=76_seed2=100.sh
spin2_L512_Jdis140_Dim015_B40_BC=PBC_Ncore=2_seed1=101_seed2=125.sh
spin2_L512_Jdis140_Dim015_B40_BC=PBC_Ncore=2_seed1=126_seed2=150.sh
spin2_L512_Jdis140_Dim015_B40_BC=PBC_Ncore=2_seed1=151_seed2=175.sh
spin2_L512_Jdis140_Dim015_B40_BC=PBC_Ncore=2_seed1=176_seed2=200.sh
spin2_L512_Jdis140_Dim015_B40_BC=PBC_Ncore=2_seed1=201_seed2=225.sh
spin2_L512_Jdis140_Dim015_B40_BC=PBC_Ncore=2_seed1=226_seed2=250.sh
spin2_L512_Jdis140_Dim015_B40_BC=PBC_Ncore=2_seed1=251_seed2=275.sh
spin2_L512_Jdis140_Dim015_B40_BC=PBC_Ncore=2_seed1=276_seed2=300.sh
spin2_L512_Jdis140_Dim015_B40_BC=PBC_Ncore=2_seed1=301_seed2=325.sh
spin2_L512_Jdis140_Dim015_B40_BC=PBC_Ncore=2_seed1=326_seed2=350.sh
spin2_L512_Jdis140_Dim015_B40_BC=PBC_Ncore=2_seed1=351_seed2=375.sh
spin2_L512_Jdis140_Dim015_B40_BC=PBC_Ncore=2_seed1=376_seed2=400.sh
spin2_L512_Jdis140_Dim015_B40_BC=PBC_Ncore=2_seed1=401_seed2=425.sh
spin2_L512_Jdis140_Dim015_B40_BC=PBC_Ncore=2_seed1=426_seed2=450.sh
spin2_L512_Jdis140_Dim015_B40_BC=PBC_Ncore=2_seed1=451_seed2=475.sh
spin2_L512_Jdis140_Dim015_B40_BC=PBC_Ncore=2_seed1=476_seed2=500.sh
spin2_L512_Jdis140_Dim015_B40_BC=PBC_Ncore=2_seed1=501_seed2=525.sh
spin2_L512_Jdis140_Dim015_B40_BC=PBC_Ncore=2_seed1=526_seed2=550.sh
spin2_L512_Jdis140_Dim015_B40_BC=PBC_Ncore=2_seed1=551_seed2=575.sh
spin2_L512_Jdis140_Dim015_B40_BC=PBC_Ncore=2_seed1=576_seed2=600.sh
spin2_L512_Jdis140_Dim015_B40_BC=PBC_Ncore=2_seed1=601_seed2=625.sh
spin2_L512_Jdis140_Dim015_B40_BC=PBC_Ncore=2_seed1=626_seed2=650.sh
spin2_L512_Jdis140_Dim015_B40_BC=PBC_Ncore=2_seed1=651_seed2=675.sh
spin2_L512_Jdis140_Dim015_B40_BC=PBC_Ncore=2_seed1=676_seed2=700.sh
spin2_L512_Jdis140_Dim015_B40_BC=PBC_Ncore=2_seed1=701_seed2=725.sh
spin2_L512_Jdis140_Dim015_B40_BC=PBC_Ncore=2_seed1=726_seed2=750.sh
spin2_L512_Jdis140_Dim015_B40_BC=PBC_Ncore=2_seed1=751_seed2=775.sh
spin2_L512_Jdis140_Dim015_B40_BC=PBC_Ncore=2_seed1=776_seed2=800.sh
spin2_L512_Jdis140_Dim015_B40_BC=PBC_Ncore=2_seed1=801_seed2=825.sh
spin2_L512_Jdis140_Dim015_B40_BC=PBC_Ncore=2_seed1=826_seed2=850.sh
spin2_L512_Jdis140_Dim015_B40_BC=PBC_Ncore=2_seed1=851_seed2=875.sh
spin2_L512_Jdis140_Dim015_B40_BC=PBC_Ncore=2_seed1=876_seed2=900.sh
spin2_L512_Jdis140_Dim015_B40_BC=PBC_Ncore=2_seed1=901_seed2=925.sh
spin2_L512_Jdis140_Dim015_B40_BC=PBC_Ncore=2_seed1=926_seed2=950.sh
spin2_L512_Jdis140_Dim015_B40_BC=PBC_Ncore=2_seed1=951_seed2=975.sh
spin2_L512_Jdis140_Dim015_B40_BC=PBC_Ncore=2_seed1=976_seed2=1000.sh
spin2_L512_Jdis140_Dim015_B40_BC=PBC_Ncore=2_seed1=1001_seed2=1025.sh
spin2_L512_Jdis140_Dim015_B40_BC=PBC_Ncore=2_seed1=1026_seed2=1050.sh
spin2_L512_Jdis140_Dim015_B40_BC=PBC_Ncore=2_seed1=1051_seed2=1075.sh
spin2_L512_Jdis140_Dim015_B40_BC=PBC_Ncore=2_seed1=1076_seed2=1100.sh
spin2_L512_Jdis140_Dim015_B40_BC=PBC_Ncore=2_seed1=1101_seed2=1125.sh
spin2_L512_Jdis140_Dim015_B40_BC=PBC_Ncore=2_seed1=1126_seed2=1150.sh
spin2_L512_Jdis140_Dim015_B40_BC=PBC_Ncore=2_seed1=1151_seed2=1175.sh
spin2_L512_Jdis140_Dim015_B40_BC=PBC_Ncore=2_seed1=1176_seed2=1200.sh
spin2_L512_Jdis140_Dim015_B40_BC=PBC_Ncore=2_seed1=1201_seed2=1225.sh
spin2_L512_Jdis140_Dim015_B40_BC=PBC_Ncore=2_seed1=1226_seed2=1250.sh
spin2_L512_Jdis140_Dim015_B40_BC=PBC_Ncore=2_seed1=1251_seed2=1275.sh
spin2_L512_Jdis140_Dim015_B40_BC=PBC_Ncore=2_seed1=1276_seed2=1300.sh
spin2_L512_Jdis140_Dim015_B40_BC=PBC_Ncore=2_seed1=1301_seed2=1325.sh
spin2_L512_Jdis140_Dim015_B40_BC=PBC_Ncore=2_seed1=1326_seed2=1350.sh
spin2_L512_Jdis140_Dim015_B40_BC=PBC_Ncore=2_seed1=1351_seed2=1375.sh
spin2_L512_Jdis140_Dim015_B40_BC=PBC_Ncore=2_seed1=1376_seed2=1400.sh
spin2_L512_Jdis140_Dim015_B40_BC=PBC_Ncore=2_seed1=1401_seed2=1425.sh
spin2_L512_Jdis140_Dim015_B40_BC=PBC_Ncore=2_seed1=1426_seed2=1450.sh
spin2_L512_Jdis140_Dim015_B40_BC=PBC_Ncore=2_seed1=1451_seed2=1475.sh
spin2_L512_Jdis140_Dim015_B40_BC=PBC_Ncore=2_seed1=1476_seed2=1500.sh
spin2_L512_Jdis140_Dim015_B40_BC=PBC_Ncore=2_seed1=1501_seed2=1525.sh
spin2_L512_Jdis140_Dim015_B40_BC=PBC_Ncore=2_seed1=1526_seed2=1550.sh
spin2_L512_Jdis140_Dim015_B40_BC=PBC_Ncore=2_seed1=1551_seed2=1575.sh
spin2_L512_Jdis140_Dim015_B40_BC=PBC_Ncore=2_seed1=1576_seed2=1600.sh
spin2_L512_Jdis140_Dim015_B40_BC=PBC_Ncore=2_seed1=1601_seed2=1625.sh
spin2_L512_Jdis140_Dim015_B40_BC=PBC_Ncore=2_seed1=1626_seed2=1650.sh
spin2_L512_Jdis140_Dim015_B40_BC=PBC_Ncore=2_seed1=1651_seed2=1675.sh
spin2_L512_Jdis140_Dim015_B40_BC=PBC_Ncore=2_seed1=1676_seed2=1700.sh
spin2_L512_Jdis140_Dim015_B40_BC=PBC_Ncore=2_seed1=1701_seed2=1725.sh
spin2_L512_Jdis140_Dim015_B40_BC=PBC_Ncore=2_seed1=1726_seed2=1750.sh
spin2_L512_Jdis140_Dim015_B40_BC=PBC_Ncore=2_seed1=1751_seed2=1775.sh
spin2_L512_Jdis140_Dim015_B40_BC=PBC_Ncore=2_seed1=1776_seed2=1800.sh
spin2_L512_Jdis140_Dim015_B40_BC=PBC_Ncore=2_seed1=1801_seed2=1825.sh
spin2_L512_Jdis140_Dim015_B40_BC=PBC_Ncore=2_seed1=1826_seed2=1850.sh
spin2_L512_Jdis140_Dim015_B40_BC=PBC_Ncore=2_seed1=1851_seed2=1875.sh
spin2_L512_Jdis140_Dim015_B40_BC=PBC_Ncore=2_seed1=1876_seed2=1900.sh
spin2_L512_Jdis140_Dim015_B40_BC=PBC_Ncore=2_seed1=1901_seed2=1925.sh
spin2_L512_Jdis140_Dim015_B40_BC=PBC_Ncore=2_seed1=1926_seed2=1950.sh
spin2_L512_Jdis140_Dim015_B40_BC=PBC_Ncore=2_seed1=1951_seed2=1975.sh
spin2_L512_Jdis140_Dim015_B40_BC=PBC_Ncore=2_seed1=1976_seed2=2000.sh
xxxxxxxxxxxxxxx_Jdis145_xxxxxxxxxxxxxxx
---------------Dim015---------------
numOfinterval=80
spin2_L512_Jdis145_Dim015_B40_BC=PBC_Ncore=2_seed1=1_seed2=25.sh
spin2_L512_Jdis145_Dim015_B40_BC=PBC_Ncore=2_seed1=26_seed2=50.sh
spin2_L512_Jdis145_Dim015_B40_BC=PBC_Ncore=2_seed1=51_seed2=75.sh
spin2_L512_Jdis145_Dim015_B40_BC=PBC_Ncore=2_seed1=76_seed2=100.sh
spin2_L512_Jdis145_Dim015_B40_BC=PBC_Ncore=2_seed1=101_seed2=125.sh
spin2_L512_Jdis145_Dim015_B40_BC=PBC_Ncore=2_seed1=126_seed2=150.sh
spin2_L512_Jdis145_Dim015_B40_BC=PBC_Ncore=2_seed1=151_seed2=175.sh
spin2_L512_Jdis145_Dim015_B40_BC=PBC_Ncore=2_seed1=176_seed2=200.sh
spin2_L512_Jdis145_Dim015_B40_BC=PBC_Ncore=2_seed1=201_seed2=225.sh
spin2_L512_Jdis145_Dim015_B40_BC=PBC_Ncore=2_seed1=226_seed2=250.sh
spin2_L512_Jdis145_Dim015_B40_BC=PBC_Ncore=2_seed1=251_seed2=275.sh
spin2_L512_Jdis145_Dim015_B40_BC=PBC_Ncore=2_seed1=276_seed2=300.sh
spin2_L512_Jdis145_Dim015_B40_BC=PBC_Ncore=2_seed1=301_seed2=325.sh
spin2_L512_Jdis145_Dim015_B40_BC=PBC_Ncore=2_seed1=326_seed2=350.sh
spin2_L512_Jdis145_Dim015_B40_BC=PBC_Ncore=2_seed1=351_seed2=375.sh
spin2_L512_Jdis145_Dim015_B40_BC=PBC_Ncore=2_seed1=376_seed2=400.sh
spin2_L512_Jdis145_Dim015_B40_BC=PBC_Ncore=2_seed1=401_seed2=425.sh
spin2_L512_Jdis145_Dim015_B40_BC=PBC_Ncore=2_seed1=426_seed2=450.sh
spin2_L512_Jdis145_Dim015_B40_BC=PBC_Ncore=2_seed1=451_seed2=475.sh
spin2_L512_Jdis145_Dim015_B40_BC=PBC_Ncore=2_seed1=476_seed2=500.sh
spin2_L512_Jdis145_Dim015_B40_BC=PBC_Ncore=2_seed1=501_seed2=525.sh
spin2_L512_Jdis145_Dim015_B40_BC=PBC_Ncore=2_seed1=526_seed2=550.sh
spin2_L512_Jdis145_Dim015_B40_BC=PBC_Ncore=2_seed1=551_seed2=575.sh
spin2_L512_Jdis145_Dim015_B40_BC=PBC_Ncore=2_seed1=576_seed2=600.sh
spin2_L512_Jdis145_Dim015_B40_BC=PBC_Ncore=2_seed1=601_seed2=625.sh
spin2_L512_Jdis145_Dim015_B40_BC=PBC_Ncore=2_seed1=626_seed2=650.sh
spin2_L512_Jdis145_Dim015_B40_BC=PBC_Ncore=2_seed1=651_seed2=675.sh
spin2_L512_Jdis145_Dim015_B40_BC=PBC_Ncore=2_seed1=676_seed2=700.sh
spin2_L512_Jdis145_Dim015_B40_BC=PBC_Ncore=2_seed1=701_seed2=725.sh
spin2_L512_Jdis145_Dim015_B40_BC=PBC_Ncore=2_seed1=726_seed2=750.sh
spin2_L512_Jdis145_Dim015_B40_BC=PBC_Ncore=2_seed1=751_seed2=775.sh
spin2_L512_Jdis145_Dim015_B40_BC=PBC_Ncore=2_seed1=776_seed2=800.sh
spin2_L512_Jdis145_Dim015_B40_BC=PBC_Ncore=2_seed1=801_seed2=825.sh
spin2_L512_Jdis145_Dim015_B40_BC=PBC_Ncore=2_seed1=826_seed2=850.sh
spin2_L512_Jdis145_Dim015_B40_BC=PBC_Ncore=2_seed1=851_seed2=875.sh
spin2_L512_Jdis145_Dim015_B40_BC=PBC_Ncore=2_seed1=876_seed2=900.sh
spin2_L512_Jdis145_Dim015_B40_BC=PBC_Ncore=2_seed1=901_seed2=925.sh
spin2_L512_Jdis145_Dim015_B40_BC=PBC_Ncore=2_seed1=926_seed2=950.sh
spin2_L512_Jdis145_Dim015_B40_BC=PBC_Ncore=2_seed1=951_seed2=975.sh
spin2_L512_Jdis145_Dim015_B40_BC=PBC_Ncore=2_seed1=976_seed2=1000.sh
spin2_L512_Jdis145_Dim015_B40_BC=PBC_Ncore=2_seed1=1001_seed2=1025.sh
spin2_L512_Jdis145_Dim015_B40_BC=PBC_Ncore=2_seed1=1026_seed2=1050.sh
spin2_L512_Jdis145_Dim015_B40_BC=PBC_Ncore=2_seed1=1051_seed2=1075.sh
spin2_L512_Jdis145_Dim015_B40_BC=PBC_Ncore=2_seed1=1076_seed2=1100.sh
spin2_L512_Jdis145_Dim015_B40_BC=PBC_Ncore=2_seed1=1101_seed2=1125.sh
spin2_L512_Jdis145_Dim015_B40_BC=PBC_Ncore=2_seed1=1126_seed2=1150.sh
spin2_L512_Jdis145_Dim015_B40_BC=PBC_Ncore=2_seed1=1151_seed2=1175.sh
spin2_L512_Jdis145_Dim015_B40_BC=PBC_Ncore=2_seed1=1176_seed2=1200.sh
spin2_L512_Jdis145_Dim015_B40_BC=PBC_Ncore=2_seed1=1201_seed2=1225.sh
spin2_L512_Jdis145_Dim015_B40_BC=PBC_Ncore=2_seed1=1226_seed2=1250.sh
spin2_L512_Jdis145_Dim015_B40_BC=PBC_Ncore=2_seed1=1251_seed2=1275.sh
spin2_L512_Jdis145_Dim015_B40_BC=PBC_Ncore=2_seed1=1276_seed2=1300.sh
spin2_L512_Jdis145_Dim015_B40_BC=PBC_Ncore=2_seed1=1301_seed2=1325.sh
spin2_L512_Jdis145_Dim015_B40_BC=PBC_Ncore=2_seed1=1326_seed2=1350.sh
spin2_L512_Jdis145_Dim015_B40_BC=PBC_Ncore=2_seed1=1351_seed2=1375.sh
spin2_L512_Jdis145_Dim015_B40_BC=PBC_Ncore=2_seed1=1376_seed2=1400.sh
spin2_L512_Jdis145_Dim015_B40_BC=PBC_Ncore=2_seed1=1401_seed2=1425.sh
spin2_L512_Jdis145_Dim015_B40_BC=PBC_Ncore=2_seed1=1426_seed2=1450.sh
spin2_L512_Jdis145_Dim015_B40_BC=PBC_Ncore=2_seed1=1451_seed2=1475.sh
spin2_L512_Jdis145_Dim015_B40_BC=PBC_Ncore=2_seed1=1476_seed2=1500.sh
spin2_L512_Jdis145_Dim015_B40_BC=PBC_Ncore=2_seed1=1501_seed2=1525.sh
spin2_L512_Jdis145_Dim015_B40_BC=PBC_Ncore=2_seed1=1526_seed2=1550.sh
spin2_L512_Jdis145_Dim015_B40_BC=PBC_Ncore=2_seed1=1551_seed2=1575.sh
spin2_L512_Jdis145_Dim015_B40_BC=PBC_Ncore=2_seed1=1576_seed2=1600.sh
spin2_L512_Jdis145_Dim015_B40_BC=PBC_Ncore=2_seed1=1601_seed2=1625.sh
spin2_L512_Jdis145_Dim015_B40_BC=PBC_Ncore=2_seed1=1626_seed2=1650.sh
spin2_L512_Jdis145_Dim015_B40_BC=PBC_Ncore=2_seed1=1651_seed2=1675.sh
spin2_L512_Jdis145_Dim015_B40_BC=PBC_Ncore=2_seed1=1676_seed2=1700.sh
spin2_L512_Jdis145_Dim015_B40_BC=PBC_Ncore=2_seed1=1701_seed2=1725.sh
spin2_L512_Jdis145_Dim015_B40_BC=PBC_Ncore=2_seed1=1726_seed2=1750.sh
spin2_L512_Jdis145_Dim015_B40_BC=PBC_Ncore=2_seed1=1751_seed2=1775.sh
spin2_L512_Jdis145_Dim015_B40_BC=PBC_Ncore=2_seed1=1776_seed2=1800.sh
spin2_L512_Jdis145_Dim015_B40_BC=PBC_Ncore=2_seed1=1801_seed2=1825.sh
spin2_L512_Jdis145_Dim015_B40_BC=PBC_Ncore=2_seed1=1826_seed2=1850.sh
spin2_L512_Jdis145_Dim015_B40_BC=PBC_Ncore=2_seed1=1851_seed2=1875.sh
spin2_L512_Jdis145_Dim015_B40_BC=PBC_Ncore=2_seed1=1876_seed2=1900.sh
spin2_L512_Jdis145_Dim015_B40_BC=PBC_Ncore=2_seed1=1901_seed2=1925.sh
spin2_L512_Jdis145_Dim015_B40_BC=PBC_Ncore=2_seed1=1926_seed2=1950.sh
spin2_L512_Jdis145_Dim015_B40_BC=PBC_Ncore=2_seed1=1951_seed2=1975.sh
spin2_L512_Jdis145_Dim015_B40_BC=PBC_Ncore=2_seed1=1976_seed2=2000.sh
xxxxxxxxxxxxxxx_Jdis150_xxxxxxxxxxxxxxx
---------------Dim015---------------
numOfinterval=80
spin2_L512_Jdis150_Dim015_B40_BC=PBC_Ncore=2_seed1=1_seed2=25.sh
spin2_L512_Jdis150_Dim015_B40_BC=PBC_Ncore=2_seed1=26_seed2=50.sh
spin2_L512_Jdis150_Dim015_B40_BC=PBC_Ncore=2_seed1=51_seed2=75.sh
spin2_L512_Jdis150_Dim015_B40_BC=PBC_Ncore=2_seed1=76_seed2=100.sh
spin2_L512_Jdis150_Dim015_B40_BC=PBC_Ncore=2_seed1=101_seed2=125.sh
spin2_L512_Jdis150_Dim015_B40_BC=PBC_Ncore=2_seed1=126_seed2=150.sh
spin2_L512_Jdis150_Dim015_B40_BC=PBC_Ncore=2_seed1=151_seed2=175.sh
spin2_L512_Jdis150_Dim015_B40_BC=PBC_Ncore=2_seed1=176_seed2=200.sh
spin2_L512_Jdis150_Dim015_B40_BC=PBC_Ncore=2_seed1=201_seed2=225.sh
spin2_L512_Jdis150_Dim015_B40_BC=PBC_Ncore=2_seed1=226_seed2=250.sh
spin2_L512_Jdis150_Dim015_B40_BC=PBC_Ncore=2_seed1=251_seed2=275.sh
spin2_L512_Jdis150_Dim015_B40_BC=PBC_Ncore=2_seed1=276_seed2=300.sh
spin2_L512_Jdis150_Dim015_B40_BC=PBC_Ncore=2_seed1=301_seed2=325.sh
spin2_L512_Jdis150_Dim015_B40_BC=PBC_Ncore=2_seed1=326_seed2=350.sh
spin2_L512_Jdis150_Dim015_B40_BC=PBC_Ncore=2_seed1=351_seed2=375.sh
spin2_L512_Jdis150_Dim015_B40_BC=PBC_Ncore=2_seed1=376_seed2=400.sh
spin2_L512_Jdis150_Dim015_B40_BC=PBC_Ncore=2_seed1=401_seed2=425.sh
spin2_L512_Jdis150_Dim015_B40_BC=PBC_Ncore=2_seed1=426_seed2=450.sh
spin2_L512_Jdis150_Dim015_B40_BC=PBC_Ncore=2_seed1=451_seed2=475.sh
spin2_L512_Jdis150_Dim015_B40_BC=PBC_Ncore=2_seed1=476_seed2=500.sh
spin2_L512_Jdis150_Dim015_B40_BC=PBC_Ncore=2_seed1=501_seed2=525.sh
spin2_L512_Jdis150_Dim015_B40_BC=PBC_Ncore=2_seed1=526_seed2=550.sh
spin2_L512_Jdis150_Dim015_B40_BC=PBC_Ncore=2_seed1=551_seed2=575.sh
spin2_L512_Jdis150_Dim015_B40_BC=PBC_Ncore=2_seed1=576_seed2=600.sh
spin2_L512_Jdis150_Dim015_B40_BC=PBC_Ncore=2_seed1=601_seed2=625.sh
spin2_L512_Jdis150_Dim015_B40_BC=PBC_Ncore=2_seed1=626_seed2=650.sh
spin2_L512_Jdis150_Dim015_B40_BC=PBC_Ncore=2_seed1=651_seed2=675.sh
spin2_L512_Jdis150_Dim015_B40_BC=PBC_Ncore=2_seed1=676_seed2=700.sh
spin2_L512_Jdis150_Dim015_B40_BC=PBC_Ncore=2_seed1=701_seed2=725.sh
spin2_L512_Jdis150_Dim015_B40_BC=PBC_Ncore=2_seed1=726_seed2=750.sh
spin2_L512_Jdis150_Dim015_B40_BC=PBC_Ncore=2_seed1=751_seed2=775.sh
spin2_L512_Jdis150_Dim015_B40_BC=PBC_Ncore=2_seed1=776_seed2=800.sh
spin2_L512_Jdis150_Dim015_B40_BC=PBC_Ncore=2_seed1=801_seed2=825.sh
spin2_L512_Jdis150_Dim015_B40_BC=PBC_Ncore=2_seed1=826_seed2=850.sh
spin2_L512_Jdis150_Dim015_B40_BC=PBC_Ncore=2_seed1=851_seed2=875.sh
spin2_L512_Jdis150_Dim015_B40_BC=PBC_Ncore=2_seed1=876_seed2=900.sh
spin2_L512_Jdis150_Dim015_B40_BC=PBC_Ncore=2_seed1=901_seed2=925.sh
spin2_L512_Jdis150_Dim015_B40_BC=PBC_Ncore=2_seed1=926_seed2=950.sh
spin2_L512_Jdis150_Dim015_B40_BC=PBC_Ncore=2_seed1=951_seed2=975.sh
spin2_L512_Jdis150_Dim015_B40_BC=PBC_Ncore=2_seed1=976_seed2=1000.sh
spin2_L512_Jdis150_Dim015_B40_BC=PBC_Ncore=2_seed1=1001_seed2=1025.sh
spin2_L512_Jdis150_Dim015_B40_BC=PBC_Ncore=2_seed1=1026_seed2=1050.sh
spin2_L512_Jdis150_Dim015_B40_BC=PBC_Ncore=2_seed1=1051_seed2=1075.sh
spin2_L512_Jdis150_Dim015_B40_BC=PBC_Ncore=2_seed1=1076_seed2=1100.sh
spin2_L512_Jdis150_Dim015_B40_BC=PBC_Ncore=2_seed1=1101_seed2=1125.sh
spin2_L512_Jdis150_Dim015_B40_BC=PBC_Ncore=2_seed1=1126_seed2=1150.sh
spin2_L512_Jdis150_Dim015_B40_BC=PBC_Ncore=2_seed1=1151_seed2=1175.sh
spin2_L512_Jdis150_Dim015_B40_BC=PBC_Ncore=2_seed1=1176_seed2=1200.sh
spin2_L512_Jdis150_Dim015_B40_BC=PBC_Ncore=2_seed1=1201_seed2=1225.sh
spin2_L512_Jdis150_Dim015_B40_BC=PBC_Ncore=2_seed1=1226_seed2=1250.sh
spin2_L512_Jdis150_Dim015_B40_BC=PBC_Ncore=2_seed1=1251_seed2=1275.sh
spin2_L512_Jdis150_Dim015_B40_BC=PBC_Ncore=2_seed1=1276_seed2=1300.sh
spin2_L512_Jdis150_Dim015_B40_BC=PBC_Ncore=2_seed1=1301_seed2=1325.sh
spin2_L512_Jdis150_Dim015_B40_BC=PBC_Ncore=2_seed1=1326_seed2=1350.sh
spin2_L512_Jdis150_Dim015_B40_BC=PBC_Ncore=2_seed1=1351_seed2=1375.sh
spin2_L512_Jdis150_Dim015_B40_BC=PBC_Ncore=2_seed1=1376_seed2=1400.sh
spin2_L512_Jdis150_Dim015_B40_BC=PBC_Ncore=2_seed1=1401_seed2=1425.sh
spin2_L512_Jdis150_Dim015_B40_BC=PBC_Ncore=2_seed1=1426_seed2=1450.sh
spin2_L512_Jdis150_Dim015_B40_BC=PBC_Ncore=2_seed1=1451_seed2=1475.sh
spin2_L512_Jdis150_Dim015_B40_BC=PBC_Ncore=2_seed1=1476_seed2=1500.sh
spin2_L512_Jdis150_Dim015_B40_BC=PBC_Ncore=2_seed1=1501_seed2=1525.sh
spin2_L512_Jdis150_Dim015_B40_BC=PBC_Ncore=2_seed1=1526_seed2=1550.sh
spin2_L512_Jdis150_Dim015_B40_BC=PBC_Ncore=2_seed1=1551_seed2=1575.sh
spin2_L512_Jdis150_Dim015_B40_BC=PBC_Ncore=2_seed1=1576_seed2=1600.sh
spin2_L512_Jdis150_Dim015_B40_BC=PBC_Ncore=2_seed1=1601_seed2=1625.sh
spin2_L512_Jdis150_Dim015_B40_BC=PBC_Ncore=2_seed1=1626_seed2=1650.sh
spin2_L512_Jdis150_Dim015_B40_BC=PBC_Ncore=2_seed1=1651_seed2=1675.sh
spin2_L512_Jdis150_Dim015_B40_BC=PBC_Ncore=2_seed1=1676_seed2=1700.sh
spin2_L512_Jdis150_Dim015_B40_BC=PBC_Ncore=2_seed1=1701_seed2=1725.sh
spin2_L512_Jdis150_Dim015_B40_BC=PBC_Ncore=2_seed1=1726_seed2=1750.sh
spin2_L512_Jdis150_Dim015_B40_BC=PBC_Ncore=2_seed1=1751_seed2=1775.sh
spin2_L512_Jdis150_Dim015_B40_BC=PBC_Ncore=2_seed1=1776_seed2=1800.sh
spin2_L512_Jdis150_Dim015_B40_BC=PBC_Ncore=2_seed1=1801_seed2=1825.sh
spin2_L512_Jdis150_Dim015_B40_BC=PBC_Ncore=2_seed1=1826_seed2=1850.sh
spin2_L512_Jdis150_Dim015_B40_BC=PBC_Ncore=2_seed1=1851_seed2=1875.sh
spin2_L512_Jdis150_Dim015_B40_BC=PBC_Ncore=2_seed1=1876_seed2=1900.sh
spin2_L512_Jdis150_Dim015_B40_BC=PBC_Ncore=2_seed1=1901_seed2=1925.sh
spin2_L512_Jdis150_Dim015_B40_BC=PBC_Ncore=2_seed1=1926_seed2=1950.sh
spin2_L512_Jdis150_Dim015_B40_BC=PBC_Ncore=2_seed1=1951_seed2=1975.sh
spin2_L512_Jdis150_Dim015_B40_BC=PBC_Ncore=2_seed1=1976_seed2=2000.sh
